Using pre-set license
Built from '2020.2/release' branch; Version is '2020.2.1f1 (270dd8c3da1c) revision 2559448'; Using compiler version '192528614'; Build Type 'Release'
OS: 'Windows 10  (10.0.0) 64bit' Language: 'sv' Physical Memory: 32661 MB
BatchMode: 1, IsHumanControllingUs: 0, StartBugReporterOnCrash: 0, Is64bit: 1, IsPro: 0

 COMMAND LINE ARGUMENTS:
C:\Program Files (x86)\Unity Editor\2020.2.1f1\Editor\Unity.exe
-adb2
-batchMode
-noUpm
-name
AssetImportWorker0
-projectPath
E:/SnakemanVsSantaOnkel/snakeman
-logFile
Logs/AssetImportWorker0.log
-srvPort
64716
Successfully changed project path to: E:/SnakemanVsSantaOnkel/snakeman
E:/SnakemanVsSantaOnkel/snakeman
Using Asset Import Pipeline V2.
Refreshing native plugins compatible for Editor in 20.60 ms, found 0 plugins.
Preloading 0 native plugins for Editor in 0.00 ms.
Initialize engine version: 2020.2.1f1 (270dd8c3da1c)
[Subsystems] Discovering subsystems at path C:/Program Files (x86)/Unity Editor/2020.2.1f1/Editor/Data/Resources/UnitySubsystems
[Subsystems] Discovering subsystems at path E:/SnakemanVsSantaOnkel/snakeman/Assets
GfxDevice: creating device client; threaded=0
Direct3D:
    Version:  Direct3D 11.0 [level 11.1]
    Renderer: NVIDIA GeForce RTX 3080 (ID=0x2206)
    Vendor:   
    VRAM:     10078 MB
    Driver:   27.21.14.5730
Initialize mono
Mono path[0] = 'C:/Program Files (x86)/Unity Editor/2020.2.1f1/Editor/Data/Managed'
Mono path[1] = 'C:/Program Files (x86)/Unity Editor/2020.2.1f1/Editor/Data/MonoBleedingEdge/lib/mono/unityjit'
Mono config path = 'C:/Program Files (x86)/Unity Editor/2020.2.1f1/Editor/Data/MonoBleedingEdge/etc'
Using monoOptions --debugger-agent=transport=dt_socket,embedding=1,server=y,suspend=n,address=127.0.0.1:56024
Begin MonoManager ReloadAssembly
Registering precompiled unity dll's ...
Register platform support module: C:/Program Files (x86)/Unity Editor/2020.2.1f1/Editor/Data/PlaybackEngines/MacStandaloneSupport/UnityEditor.OSXStandalone.Extensions.dll
Register platform support module: C:/Program Files (x86)/Unity Editor/2020.2.1f1/Editor/Data/PlaybackEngines/WindowsStandaloneSupport/UnityEditor.WindowsStandalone.Extensions.dll
Registered in 0.001448 seconds.
Native extension for WindowsStandalone target not found
Native extension for OSXStandalone target not found
Refreshing native plugins compatible for Editor in 21.16 ms, found 0 plugins.
Preloading 0 native plugins for Editor in 0.00 ms.
Invoked RoslynAnalysisRunner static constructor.
RoslynAnalysisRunner will not be running.
RoslynAnalysisRunner has terminated.
Mono: successfully reloaded assembly
- Completed reload, in  1.244 seconds
Platform modules already initialized, skipping
Registering precompiled user dll's ...
Registered in 0.000358 seconds.
Begin MonoManager ReloadAssembly
Native extension for WindowsStandalone target not found
Native extension for OSXStandalone target not found
Refreshing native plugins compatible for Editor in 21.53 ms, found 0 plugins.
Preloading 0 native plugins for Editor in 0.00 ms.
Invoked RoslynAnalysisRunner static constructor.
RoslynAnalysisRunner will not be running.
RoslynAnalysisRunner has terminated.
Mono: successfully reloaded assembly
- Completed reload, in  0.672 seconds
Platform modules already initialized, skipping
========================================================================
Worker process is ready to serve import requests
Launched and connected shader compiler UnityShaderCompiler.exe after 0.04 seconds
Refreshing native plugins compatible for Editor in 0.23 ms, found 0 plugins.
Preloading 0 native plugins for Editor in 0.00 ms.
Unloading 1431 Unused Serialized files (Serialized files now loaded: 0)
System memory in use before: 68.9 MB.
System memory in use after: 69.0 MB.

Unloading 11 unused Assets to reduce memory usage. Loaded Objects now: 1875.
Total: 1.383700 ms (FindLiveObjects: 0.143200 ms CreateObjectMapping: 0.047900 ms MarkObjects: 1.156600 ms  DeleteObjects: 0.035400 ms)

========================================================================
Received Import Request.
  path: Assets/TeamId.cs
  artifactKey: Guid(0256975ff83c9484ab572842fff088b1) Importer(815301076,1909f56bfc062723c751e8b465ee728b)
Start importing Assets/TeamId.cs using Guid(0256975ff83c9484ab572842fff088b1) Importer(815301076,1909f56bfc062723c751e8b465ee728b)  -> (artifact id: '07a61f07dc1a4dda3eef72acefba6fda') in 0.015258 seconds
  Import took 0.017047 seconds .

========================================================================
Received Import Request.
  Time since last request: 10.032968 seconds.
  path: Assets/TeamIdSelectionComponent.cs
  artifactKey: Guid(0256975ff83c9484ab572842fff088b1) Importer(815301076,1909f56bfc062723c751e8b465ee728b)
Start importing Assets/TeamIdSelectionComponent.cs using Guid(0256975ff83c9484ab572842fff088b1) Importer(815301076,1909f56bfc062723c751e8b465ee728b)  -> (artifact id: 'aba34a48fcd7dde8550de5dcd7e12e49') in 0.004988 seconds
  Import took 0.006828 seconds .

========================================================================
Received Import Request.
  Time since last request: 11.364324 seconds.
  path: Assets/SpawnPointManager.cs
  artifactKey: Guid(7be179438cafd7e40b635dfbb06e9477) Importer(815301076,1909f56bfc062723c751e8b465ee728b)
Start importing Assets/SpawnPointManager.cs using Guid(7be179438cafd7e40b635dfbb06e9477) Importer(815301076,1909f56bfc062723c751e8b465ee728b)  -> (artifact id: 'db5460d099fcf198200c37080a9e6a43') in 0.004790 seconds
  Import took 0.006666 seconds .

========================================================================
Received Prepare
Registering precompiled user dll's ...
Registered in 0.000320 seconds.
Begin MonoManager ReloadAssembly
Native extension for WindowsStandalone target not found
Native extension for OSXStandalone target not found
Refreshing native plugins compatible for Editor in 0.22 ms, found 0 plugins.
Preloading 0 native plugins for Editor in 0.00 ms.
Invoked RoslynAnalysisRunner static constructor.
RoslynAnalysisRunner will not be running.
RoslynAnalysisRunner has terminated.
Mono: successfully reloaded assembly
- Completed reload, in  0.599 seconds
Platform modules already initialized, skipping
Refreshing native plugins compatible for Editor in 0.22 ms, found 0 plugins.
Preloading 0 native plugins for Editor in 0.00 ms.
Unloading 1410 Unused Serialized files (Serialized files now loaded: 0)
System memory in use before: 68.0 MB.
System memory in use after: 68.2 MB.

Unloading 5 unused Assets to reduce memory usage. Loaded Objects now: 1876.
Total: 1.353600 ms (FindLiveObjects: 0.143100 ms CreateObjectMapping: 0.047600 ms MarkObjects: 1.149200 ms  DeleteObjects: 0.013100 ms)

========================================================================
Received Import Request.
  Time since last request: 62.128787 seconds.
  path: Assets/Scripts/TeamIdSelectionComponent.cs
  artifactKey: Guid(18f84bac8127c7c419426be523f33a8f) Importer(815301076,1909f56bfc062723c751e8b465ee728b)
Start importing Assets/Scripts/TeamIdSelectionComponent.cs using Guid(18f84bac8127c7c419426be523f33a8f) Importer(815301076,1909f56bfc062723c751e8b465ee728b)  -> (artifact id: '8935eada2be9960d973f2ddc73b50c8f') in 0.004479 seconds
  Import took 0.006552 seconds .

========================================================================
Received Import Request.
  Time since last request: 0.000380 seconds.
  path: Assets/Scripts/TeamIdSelectionComponent.cs
  artifactKey: Guid(18f84bac8127c7c419426be523f33a8f) Importer(815301076,1909f56bfc062723c751e8b465ee728b)
Start importing Assets/Scripts/TeamIdSelectionComponent.cs using Guid(18f84bac8127c7c419426be523f33a8f) Importer(815301076,1909f56bfc062723c751e8b465ee728b)  -> (artifact id: '8935eada2be9960d973f2ddc73b50c8f') in 0.002099 seconds
  Import took 0.003847 seconds .

========================================================================
Received Prepare
Registering precompiled user dll's ...
Registered in 0.000357 seconds.
Begin MonoManager ReloadAssembly
Native extension for WindowsStandalone target not found
Native extension for OSXStandalone target not found
Refreshing native plugins compatible for Editor in 0.24 ms, found 0 plugins.
Preloading 0 native plugins for Editor in 0.00 ms.
Invoked RoslynAnalysisRunner static constructor.
RoslynAnalysisRunner will not be running.
RoslynAnalysisRunner has terminated.
Mono: successfully reloaded assembly
- Completed reload, in  0.602 seconds
Platform modules already initialized, skipping
Refreshing native plugins compatible for Editor in 0.25 ms, found 0 plugins.
Preloading 0 native plugins for Editor in 0.00 ms.
Unloading 1411 Unused Serialized files (Serialized files now loaded: 0)
System memory in use before: 68.3 MB.
System memory in use after: 68.4 MB.

Unloading 4 unused Assets to reduce memory usage. Loaded Objects now: 1879.
Total: 1.307400 ms (FindLiveObjects: 0.125500 ms CreateObjectMapping: 0.036900 ms MarkObjects: 1.134900 ms  DeleteObjects: 0.009500 ms)

========================================================================
Received Prepare
Registering precompiled user dll's ...
Registered in 0.000320 seconds.
Begin MonoManager ReloadAssembly
Native extension for WindowsStandalone target not found
Native extension for OSXStandalone target not found
Refreshing native plugins compatible for Editor in 0.22 ms, found 0 plugins.
Preloading 0 native plugins for Editor in 0.00 ms.
Invoked RoslynAnalysisRunner static constructor.
RoslynAnalysisRunner will not be running.
RoslynAnalysisRunner has terminated.
Mono: successfully reloaded assembly
- Completed reload, in  0.595 seconds
Platform modules already initialized, skipping
Refreshing native plugins compatible for Editor in 0.22 ms, found 0 plugins.
Preloading 0 native plugins for Editor in 0.00 ms.
Unloading 1411 Unused Serialized files (Serialized files now loaded: 0)
System memory in use before: 68.5 MB.
System memory in use after: 68.6 MB.

Unloading 4 unused Assets to reduce memory usage. Loaded Objects now: 1881.
Total: 1.532300 ms (FindLiveObjects: 0.142400 ms CreateObjectMapping: 0.048300 ms MarkObjects: 1.330000 ms  DeleteObjects: 0.010700 ms)

========================================================================
Received Import Request.
  Time since last request: 129.705639 seconds.
  path: Assets/Scripts/TeamIdSelectionComponent.cs
  artifactKey: Guid(18f84bac8127c7c419426be523f33a8f) Importer(815301076,1909f56bfc062723c751e8b465ee728b)
Start importing Assets/Scripts/TeamIdSelectionComponent.cs using Guid(18f84bac8127c7c419426be523f33a8f) Importer(815301076,1909f56bfc062723c751e8b465ee728b)  -> (artifact id: 'edb8150d17d01a80d13728a68386c9f1') in 0.003486 seconds
  Import took 0.005245 seconds .

========================================================================
Received Prepare
Registering precompiled user dll's ...
Registered in 0.000379 seconds.
Begin MonoManager ReloadAssembly
Native extension for WindowsStandalone target not found
Native extension for OSXStandalone target not found
Refreshing native plugins compatible for Editor in 0.22 ms, found 0 plugins.
Preloading 0 native plugins for Editor in 0.00 ms.
Invoked RoslynAnalysisRunner static constructor.
RoslynAnalysisRunner will not be running.
RoslynAnalysisRunner has terminated.
Mono: successfully reloaded assembly
- Completed reload, in  0.613 seconds
Platform modules already initialized, skipping
Refreshing native plugins compatible for Editor in 0.22 ms, found 0 plugins.
Preloading 0 native plugins for Editor in 0.00 ms.
Unloading 1411 Unused Serialized files (Serialized files now loaded: 0)
System memory in use before: 68.7 MB.
System memory in use after: 68.8 MB.

Unloading 4 unused Assets to reduce memory usage. Loaded Objects now: 1883.
Total: 1.329200 ms (FindLiveObjects: 0.123000 ms CreateObjectMapping: 0.038900 ms MarkObjects: 1.156800 ms  DeleteObjects: 0.009700 ms)

========================================================================
Received Import Request.
  Time since last request: 526.879087 seconds.
  path: Assets/Scripts/TeamIdSelectionComponent.cs
  artifactKey: Guid(18f84bac8127c7c419426be523f33a8f) Importer(815301076,1909f56bfc062723c751e8b465ee728b)
Start importing Assets/Scripts/TeamIdSelectionComponent.cs using Guid(18f84bac8127c7c419426be523f33a8f) Importer(815301076,1909f56bfc062723c751e8b465ee728b)  -> (artifact id: '7ec5044b8ef3bbec0e59acfeef4ee33f') in 0.005931 seconds
  Import took 0.007540 seconds .

========================================================================
Received Prepare
Registering precompiled user dll's ...
Registered in 0.000351 seconds.
Begin MonoManager ReloadAssembly
Native extension for WindowsStandalone target not found
Native extension for OSXStandalone target not found
Refreshing native plugins compatible for Editor in 0.22 ms, found 0 plugins.
Preloading 0 native plugins for Editor in 0.00 ms.
Invoked RoslynAnalysisRunner static constructor.
RoslynAnalysisRunner will not be running.
RoslynAnalysisRunner has terminated.
Mono: successfully reloaded assembly
- Completed reload, in  0.587 seconds
Platform modules already initialized, skipping
Refreshing native plugins compatible for Editor in 0.22 ms, found 0 plugins.
Preloading 0 native plugins for Editor in 0.00 ms.
Unloading 1410 Unused Serialized files (Serialized files now loaded: 0)
System memory in use before: 68.7 MB.
System memory in use after: 68.8 MB.

Unloading 5 unused Assets to reduce memory usage. Loaded Objects now: 1884.
Total: 1.375600 ms (FindLiveObjects: 0.133400 ms CreateObjectMapping: 0.043000 ms MarkObjects: 1.187200 ms  DeleteObjects: 0.011100 ms)

========================================================================
Received Prepare
Registering precompiled user dll's ...
Registered in 0.000428 seconds.
Begin MonoManager ReloadAssembly
Native extension for WindowsStandalone target not found
Native extension for OSXStandalone target not found
Refreshing native plugins compatible for Editor in 0.22 ms, found 0 plugins.
Preloading 0 native plugins for Editor in 0.00 ms.
Invoked RoslynAnalysisRunner static constructor.
RoslynAnalysisRunner will not be running.
RoslynAnalysisRunner has terminated.
Mono: successfully reloaded assembly
- Completed reload, in  0.605 seconds
Platform modules already initialized, skipping
Refreshing native plugins compatible for Editor in 0.22 ms, found 0 plugins.
Preloading 0 native plugins for Editor in 0.00 ms.
Unloading 1410 Unused Serialized files (Serialized files now loaded: 0)
System memory in use before: 69.0 MB.
System memory in use after: 69.1 MB.

Unloading 4 unused Assets to reduce memory usage. Loaded Objects now: 1886.
Total: 1.308500 ms (FindLiveObjects: 0.122200 ms CreateObjectMapping: 0.037800 ms MarkObjects: 1.137000 ms  DeleteObjects: 0.010600 ms)

========================================================================
Received Import Request.
  Time since last request: 811.076262 seconds.
  path: Assets/Controls.inputactions
  artifactKey: Guid(b1ae585532b26c84cb96317d19acf601) Importer(815301076,1909f56bfc062723c751e8b465ee728b)
Start importing Assets/Controls.inputactions using Guid(b1ae585532b26c84cb96317d19acf601) Importer(815301076,1909f56bfc062723c751e8b465ee728b)  -> (artifact id: '9caa124e070f5bcfaecf51cc66b787a7') in 0.021416 seconds
  Import took 0.023634 seconds .

========================================================================
Received Import Request.
  Time since last request: 5.184628 seconds.
  path: Assets/Controls.inputactions
  artifactKey: Guid(b1ae585532b26c84cb96317d19acf601) Importer(815301076,1909f56bfc062723c751e8b465ee728b)
Start importing Assets/Controls.inputactions using Guid(b1ae585532b26c84cb96317d19acf601) Importer(815301076,1909f56bfc062723c751e8b465ee728b)  -> (artifact id: '4e4b6f61713d4a2c790adc84352d456e') in 0.002534 seconds
  Import took 0.004423 seconds .

========================================================================
Received Import Request.
  Time since last request: 5.864301 seconds.
  path: Assets/Controls.inputactions
  artifactKey: Guid(b1ae585532b26c84cb96317d19acf601) Importer(815301076,1909f56bfc062723c751e8b465ee728b)
Start importing Assets/Controls.inputactions using Guid(b1ae585532b26c84cb96317d19acf601) Importer(815301076,1909f56bfc062723c751e8b465ee728b)  -> (artifact id: 'a95f1340c4bc02231536b1595e3de00a') in 0.002565 seconds
  Import took 0.004426 seconds .

========================================================================
Received Import Request.
  Time since last request: 0.000340 seconds.
  path: Assets/Controls.inputactions
  artifactKey: Guid(b1ae585532b26c84cb96317d19acf601) Importer(815301076,1909f56bfc062723c751e8b465ee728b)
Start importing Assets/Controls.inputactions using Guid(b1ae585532b26c84cb96317d19acf601) Importer(815301076,1909f56bfc062723c751e8b465ee728b)  -> (artifact id: 'a95f1340c4bc02231536b1595e3de00a') in 0.002358 seconds
  Import took 0.004170 seconds .

========================================================================
Received Import Request.
  Time since last request: 24.464322 seconds.
  path: Assets/Controls.inputactions
  artifactKey: Guid(b1ae585532b26c84cb96317d19acf601) Importer(815301076,1909f56bfc062723c751e8b465ee728b)
Start importing Assets/Controls.inputactions using Guid(b1ae585532b26c84cb96317d19acf601) Importer(815301076,1909f56bfc062723c751e8b465ee728b)  -> (artifact id: '45b7dfebe02cf891068c85997c0aa6cd') in 0.002630 seconds
  Import took 0.004468 seconds .

========================================================================
Received Import Request.
  Time since last request: 0.000466 seconds.
  path: Assets/Controls.inputactions
  artifactKey: Guid(b1ae585532b26c84cb96317d19acf601) Importer(815301076,1909f56bfc062723c751e8b465ee728b)
Start importing Assets/Controls.inputactions using Guid(b1ae585532b26c84cb96317d19acf601) Importer(815301076,1909f56bfc062723c751e8b465ee728b)  -> (artifact id: '45b7dfebe02cf891068c85997c0aa6cd') in 0.002436 seconds
  Import took 0.004195 seconds .

========================================================================
Received Import Request.
  Time since last request: 16.689623 seconds.
  path: Assets/Controls.inputactions
  artifactKey: Guid(b1ae585532b26c84cb96317d19acf601) Importer(815301076,1909f56bfc062723c751e8b465ee728b)
Start importing Assets/Controls.inputactions using Guid(b1ae585532b26c84cb96317d19acf601) Importer(815301076,1909f56bfc062723c751e8b465ee728b)  -> (artifact id: '15b59595f995d151db1983ac299ea1a3') in 0.002667 seconds
  Import took 0.004490 seconds .

========================================================================
Received Import Request.
  Time since last request: 0.002909 seconds.
  path: Assets/Controls.inputactions
  artifactKey: Guid(b1ae585532b26c84cb96317d19acf601) Importer(815301076,1909f56bfc062723c751e8b465ee728b)
Start importing Assets/Controls.inputactions using Guid(b1ae585532b26c84cb96317d19acf601) Importer(815301076,1909f56bfc062723c751e8b465ee728b)  -> (artifact id: '15b59595f995d151db1983ac299ea1a3') in 0.002347 seconds
  Import took 0.004169 seconds .

========================================================================
Received Import Request.
  Time since last request: 12.110480 seconds.
  path: Assets/Controls.inputactions
  artifactKey: Guid(b1ae585532b26c84cb96317d19acf601) Importer(815301076,1909f56bfc062723c751e8b465ee728b)
Start importing Assets/Controls.inputactions using Guid(b1ae585532b26c84cb96317d19acf601) Importer(815301076,1909f56bfc062723c751e8b465ee728b)  -> (artifact id: 'e058d71c1568a00b0e4649fee5e5e944') in 0.003259 seconds
  Import took 0.005268 seconds .

========================================================================
Received Import Request.
  Time since last request: 0.000426 seconds.
  path: Assets/Controls.inputactions
  artifactKey: Guid(b1ae585532b26c84cb96317d19acf601) Importer(815301076,1909f56bfc062723c751e8b465ee728b)
Start importing Assets/Controls.inputactions using Guid(b1ae585532b26c84cb96317d19acf601) Importer(815301076,1909f56bfc062723c751e8b465ee728b)  -> (artifact id: 'e058d71c1568a00b0e4649fee5e5e944') in 0.002472 seconds
  Import took 0.004429 seconds .

========================================================================
Received Import Request.
  Time since last request: 16.129170 seconds.
  path: Assets/Controls.inputactions
  artifactKey: Guid(b1ae585532b26c84cb96317d19acf601) Importer(815301076,1909f56bfc062723c751e8b465ee728b)
Start importing Assets/Controls.inputactions using Guid(b1ae585532b26c84cb96317d19acf601) Importer(815301076,1909f56bfc062723c751e8b465ee728b)  -> (artifact id: 'acefc6b58555bd66324d70be869f8275') in 0.002657 seconds
  Import took 0.004497 seconds .

========================================================================
Received Import Request.
  Time since last request: 39.251804 seconds.
  path: Assets/Controls.inputactions
  artifactKey: Guid(b1ae585532b26c84cb96317d19acf601) Importer(815301076,1909f56bfc062723c751e8b465ee728b)
Start importing Assets/Controls.inputactions using Guid(b1ae585532b26c84cb96317d19acf601) Importer(815301076,1909f56bfc062723c751e8b465ee728b)  -> (artifact id: 'e5794497cb9dd8fda0cf2ed8df8cf2c5') in 0.002663 seconds
  Import took 0.004496 seconds .

========================================================================
Received Import Request.
  Time since last request: 0.000395 seconds.
  path: Assets/Controls.inputactions
  artifactKey: Guid(b1ae585532b26c84cb96317d19acf601) Importer(815301076,1909f56bfc062723c751e8b465ee728b)
Start importing Assets/Controls.inputactions using Guid(b1ae585532b26c84cb96317d19acf601) Importer(815301076,1909f56bfc062723c751e8b465ee728b)  -> (artifact id: 'e5794497cb9dd8fda0cf2ed8df8cf2c5') in 0.002440 seconds
  Import took 0.004255 seconds .

========================================================================
Received Import Request.
  Time since last request: 7.711945 seconds.
  path: Assets/Controls.inputactions
  artifactKey: Guid(b1ae585532b26c84cb96317d19acf601) Importer(815301076,1909f56bfc062723c751e8b465ee728b)
Start importing Assets/Controls.inputactions using Guid(b1ae585532b26c84cb96317d19acf601) Importer(815301076,1909f56bfc062723c751e8b465ee728b)  -> (artifact id: '177f1ea1764b9edde3e60a0b906647cd') in 0.002574 seconds
  Import took 0.004454 seconds .

========================================================================
Received Import Request.
  Time since last request: 3.600727 seconds.
  path: Assets/Controls.inputactions
  artifactKey: Guid(b1ae585532b26c84cb96317d19acf601) Importer(815301076,1909f56bfc062723c751e8b465ee728b)
Start importing Assets/Controls.inputactions using Guid(b1ae585532b26c84cb96317d19acf601) Importer(815301076,1909f56bfc062723c751e8b465ee728b)  -> (artifact id: 'a7d1ed5bcadf25e0e99b9c385431119d') in 0.002778 seconds
  Import took 0.004820 seconds .

========================================================================
Received Import Request.
  Time since last request: 0.000318 seconds.
  path: Assets/Controls.inputactions
  artifactKey: Guid(b1ae585532b26c84cb96317d19acf601) Importer(815301076,1909f56bfc062723c751e8b465ee728b)
Start importing Assets/Controls.inputactions using Guid(b1ae585532b26c84cb96317d19acf601) Importer(815301076,1909f56bfc062723c751e8b465ee728b)  -> (artifact id: 'a7d1ed5bcadf25e0e99b9c385431119d') in 0.002369 seconds
  Import took 0.004110 seconds .

========================================================================
Received Import Request.
  Time since last request: 89.402628 seconds.
  path: Assets/Prefabs/PlayerSetupMenu.prefab
  artifactKey: Guid(abd715edcf0327b4489389778f2bc13c) Importer(815301076,1909f56bfc062723c751e8b465ee728b)
Start importing Assets/Prefabs/PlayerSetupMenu.prefab using Guid(abd715edcf0327b4489389778f2bc13c) Importer(815301076,1909f56bfc062723c751e8b465ee728b)  -> (artifact id: '845472c3a9028e20d215a81c0de44de1') in 0.072881 seconds
  Import took 0.075145 seconds .

========================================================================
Received Import Request.
  Time since last request: 68.802157 seconds.
  path: Assets/PlayerConfigurationManager.cs
  artifactKey: Guid(06697a7fe9802134cbb723e916cf585c) Importer(815301076,1909f56bfc062723c751e8b465ee728b)
Start importing Assets/PlayerConfigurationManager.cs using Guid(06697a7fe9802134cbb723e916cf585c) Importer(815301076,1909f56bfc062723c751e8b465ee728b)  -> (artifact id: '3aab186a74ceea51685c72f6b56e2d1a') in 0.002015 seconds
  Import took 0.003780 seconds .

========================================================================
Received Import Request.
  Time since last request: 0.000183 seconds.
  path: Assets/PlayerConfigurationManager.cs
  artifactKey: Guid(06697a7fe9802134cbb723e916cf585c) Importer(815301076,1909f56bfc062723c751e8b465ee728b)
Start importing Assets/PlayerConfigurationManager.cs using Guid(06697a7fe9802134cbb723e916cf585c) Importer(815301076,1909f56bfc062723c751e8b465ee728b)  -> (artifact id: '3aab186a74ceea51685c72f6b56e2d1a') in 0.001550 seconds
  Import took 0.003037 seconds .

========================================================================
Received Import Request.
  Time since last request: 0.016221 seconds.
  path: Assets/PlayerConfigurationManager.cs
  artifactKey: Guid(06697a7fe9802134cbb723e916cf585c) Importer(815301076,1909f56bfc062723c751e8b465ee728b)
Start importing Assets/PlayerConfigurationManager.cs using Guid(06697a7fe9802134cbb723e916cf585c) Importer(815301076,1909f56bfc062723c751e8b465ee728b)  -> (artifact id: '3aab186a74ceea51685c72f6b56e2d1a') in 0.002141 seconds
  Import took 0.003963 seconds .

========================================================================
Received Prepare
Registering precompiled user dll's ...
Registered in 0.000352 seconds.
Begin MonoManager ReloadAssembly
Native extension for WindowsStandalone target not found
Native extension for OSXStandalone target not found
Refreshing native plugins compatible for Editor in 0.22 ms, found 0 plugins.
Preloading 0 native plugins for Editor in 0.00 ms.
Invoked RoslynAnalysisRunner static constructor.
RoslynAnalysisRunner will not be running.
RoslynAnalysisRunner has terminated.
Mono: successfully reloaded assembly
- Completed reload, in  0.605 seconds
Platform modules already initialized, skipping
Refreshing native plugins compatible for Editor in 0.22 ms, found 0 plugins.
Preloading 0 native plugins for Editor in 0.00 ms.
Unloading 1410 Unused Serialized files (Serialized files now loaded: 0)
System memory in use before: 69.6 MB.
System memory in use after: 69.7 MB.

Unloading 6 unused Assets to reduce memory usage. Loaded Objects now: 1888.
Total: 1.400600 ms (FindLiveObjects: 0.125500 ms CreateObjectMapping: 0.035900 ms MarkObjects: 1.220700 ms  DeleteObjects: 0.017800 ms)

========================================================================
Received Import Request.
  Time since last request: 17.404936 seconds.
  path: Assets/Input
  artifactKey: Guid(6eefa545db08f564fb52d10c01257958) Importer(815301076,1909f56bfc062723c751e8b465ee728b)
Start importing Assets/Input using Guid(6eefa545db08f564fb52d10c01257958) Importer(815301076,1909f56bfc062723c751e8b465ee728b)  -> (artifact id: 'c20fb025162da7bef3f2824b18af645a') in 0.006746 seconds
  Import took 0.008570 seconds .

========================================================================
Received Import Request.
  Time since last request: 15.779068 seconds.
  path: Assets/Input/Controls.inputactions
  artifactKey: Guid(b1ae585532b26c84cb96317d19acf601) Importer(815301076,1909f56bfc062723c751e8b465ee728b)
Start importing Assets/Input/Controls.inputactions using Guid(b1ae585532b26c84cb96317d19acf601) Importer(815301076,1909f56bfc062723c751e8b465ee728b)  -> (artifact id: '211962cfe12f43bb963d079e136a0a38') in 0.011683 seconds
  Import took 0.013475 seconds .

========================================================================
Received Import Request.
  Time since last request: 6.115314 seconds.
  path: Assets/Input/Controls.inputactions
  artifactKey: Guid(b1ae585532b26c84cb96317d19acf601) Importer(815301076,1909f56bfc062723c751e8b465ee728b)
Start importing Assets/Input/Controls.inputactions using Guid(b1ae585532b26c84cb96317d19acf601) Importer(815301076,1909f56bfc062723c751e8b465ee728b)  -> (artifact id: '94563afc7c6aba2725a065d25ec8e1b4') in 0.002509 seconds
  Import took 0.004312 seconds .

========================================================================
Received Import Request.
  Time since last request: 4.476405 seconds.
  path: Assets/Input/Controls.inputactions
  artifactKey: Guid(b1ae585532b26c84cb96317d19acf601) Importer(815301076,1909f56bfc062723c751e8b465ee728b)
Start importing Assets/Input/Controls.inputactions using Guid(b1ae585532b26c84cb96317d19acf601) Importer(815301076,1909f56bfc062723c751e8b465ee728b)  -> (artifact id: '16de1f5fa6552a0e4746369626d8f7a2') in 0.002635 seconds
  Import took 0.004770 seconds .

========================================================================
Received Import Request.
  Time since last request: 0.001510 seconds.
  path: Assets/Input/Controls.inputactions
  artifactKey: Guid(b1ae585532b26c84cb96317d19acf601) Importer(815301076,1909f56bfc062723c751e8b465ee728b)
Start importing Assets/Input/Controls.inputactions using Guid(b1ae585532b26c84cb96317d19acf601) Importer(815301076,1909f56bfc062723c751e8b465ee728b)  -> (artifact id: '16de1f5fa6552a0e4746369626d8f7a2') in 0.002345 seconds
  Import took 0.004137 seconds .

========================================================================
Received Import Request.
  Time since last request: 1.716209 seconds.
  path: Assets/Input/Controls.inputactions
  artifactKey: Guid(b1ae585532b26c84cb96317d19acf601) Importer(815301076,1909f56bfc062723c751e8b465ee728b)
Start importing Assets/Input/Controls.inputactions using Guid(b1ae585532b26c84cb96317d19acf601) Importer(815301076,1909f56bfc062723c751e8b465ee728b)  -> (artifact id: '575720a88ab30ba0c9f6c77d575dfba0') in 0.002537 seconds
  Import took 0.004305 seconds .

========================================================================
Received Import Request.
  Time since last request: 53.578440 seconds.
  path: Assets/Input/InputSystem.inputsettings.asset
  artifactKey: Guid(5afd0ffeefef175419c7871c3ed4d38b) Importer(815301076,1909f56bfc062723c751e8b465ee728b)
Start importing Assets/Input/InputSystem.inputsettings.asset using Guid(5afd0ffeefef175419c7871c3ed4d38b) Importer(815301076,1909f56bfc062723c751e8b465ee728b)  -> (artifact id: 'bea209a3658545b9eb53f6007ed55884') in 0.006228 seconds
  Import took 0.008022 seconds .

========================================================================
Received Import Request.
  Time since last request: 13.231580 seconds.
  path: Assets/Input/Controls.inputactions
  artifactKey: Guid(b1ae585532b26c84cb96317d19acf601) Importer(815301076,1909f56bfc062723c751e8b465ee728b)
Start importing Assets/Input/Controls.inputactions using Guid(b1ae585532b26c84cb96317d19acf601) Importer(815301076,1909f56bfc062723c751e8b465ee728b)  -> (artifact id: 'cdbf11702f039ed2f5d4c81fcd25950d') in 0.002546 seconds
  Import took 0.004338 seconds .

========================================================================
Received Prepare
Registering precompiled user dll's ...
Registered in 0.000408 seconds.
Begin MonoManager ReloadAssembly
Native extension for WindowsStandalone target not found
Native extension for OSXStandalone target not found
Refreshing native plugins compatible for Editor in 0.23 ms, found 0 plugins.
Preloading 0 native plugins for Editor in 0.00 ms.
Invoked RoslynAnalysisRunner static constructor.
RoslynAnalysisRunner will not be running.
RoslynAnalysisRunner has terminated.
Mono: successfully reloaded assembly
- Completed reload, in  0.606 seconds
Platform modules already initialized, skipping
Refreshing native plugins compatible for Editor in 0.22 ms, found 0 plugins.
Preloading 0 native plugins for Editor in 0.00 ms.
Unloading 1411 Unused Serialized files (Serialized files now loaded: 0)
System memory in use before: 69.8 MB.
System memory in use after: 69.9 MB.

Unloading 4 unused Assets to reduce memory usage. Loaded Objects now: 1891.
Total: 1.317100 ms (FindLiveObjects: 0.124600 ms CreateObjectMapping: 0.037900 ms MarkObjects: 1.144400 ms  DeleteObjects: 0.009600 ms)

========================================================================
Received Prepare
Registering precompiled user dll's ...
Registered in 0.000321 seconds.
Begin MonoManager ReloadAssembly
Native extension for WindowsStandalone target not found
Native extension for OSXStandalone target not found
Refreshing native plugins compatible for Editor in 0.23 ms, found 0 plugins.
Preloading 0 native plugins for Editor in 0.00 ms.
Invoked RoslynAnalysisRunner static constructor.
RoslynAnalysisRunner will not be running.
RoslynAnalysisRunner has terminated.
Mono: successfully reloaded assembly
- Completed reload, in  0.603 seconds
Platform modules already initialized, skipping
Refreshing native plugins compatible for Editor in 0.21 ms, found 0 plugins.
Preloading 0 native plugins for Editor in 0.00 ms.
Unloading 1412 Unused Serialized files (Serialized files now loaded: 0)
System memory in use before: 70.0 MB.
System memory in use after: 70.1 MB.

Unloading 4 unused Assets to reduce memory usage. Loaded Objects now: 1894.
Total: 1.339800 ms (FindLiveObjects: 0.133500 ms CreateObjectMapping: 0.040200 ms MarkObjects: 1.155500 ms  DeleteObjects: 0.010100 ms)

========================================================================
Received Prepare
Registering precompiled user dll's ...
Registered in 0.000361 seconds.
Begin MonoManager ReloadAssembly
Native extension for WindowsStandalone target not found
Native extension for OSXStandalone target not found
Refreshing native plugins compatible for Editor in 0.22 ms, found 0 plugins.
Preloading 0 native plugins for Editor in 0.00 ms.
Invoked RoslynAnalysisRunner static constructor.
RoslynAnalysisRunner will not be running.
RoslynAnalysisRunner has terminated.
Mono: successfully reloaded assembly
- Completed reload, in  0.605 seconds
Platform modules already initialized, skipping
Refreshing native plugins compatible for Editor in 0.22 ms, found 0 plugins.
Preloading 0 native plugins for Editor in 0.00 ms.
Unloading 1412 Unused Serialized files (Serialized files now loaded: 0)
System memory in use before: 70.2 MB.
System memory in use after: 70.3 MB.

Unloading 4 unused Assets to reduce memory usage. Loaded Objects now: 1896.
Total: 1.361000 ms (FindLiveObjects: 0.133700 ms CreateObjectMapping: 0.041700 ms MarkObjects: 1.174700 ms  DeleteObjects: 0.010300 ms)

========================================================================
Received Import Request.
  Time since last request: 631.098411 seconds.
  path: Assets/Prefabs/PlayerConfiguration.prefab
  artifactKey: Guid(6549fa0bdc5a61a4fbd96ae3a45732c0) Importer(815301076,1909f56bfc062723c751e8b465ee728b)
Start importing Assets/Prefabs/PlayerConfiguration.prefab using Guid(6549fa0bdc5a61a4fbd96ae3a45732c0) Importer(815301076,1909f56bfc062723c751e8b465ee728b)  -> (artifact id: '19677bb33d9721350c76a34230448bc3') in 0.031169 seconds
  Import took 0.033078 seconds .

========================================================================
Received Import Request.
  Time since last request: 26.064896 seconds.
  path: Assets/Prefabs/PlayerConfiguration.prefab
  artifactKey: Guid(6549fa0bdc5a61a4fbd96ae3a45732c0) Importer(815301076,1909f56bfc062723c751e8b465ee728b)
Start importing Assets/Prefabs/PlayerConfiguration.prefab using Guid(6549fa0bdc5a61a4fbd96ae3a45732c0) Importer(815301076,1909f56bfc062723c751e8b465ee728b)  -> (artifact id: '6bc502350e1ca4cba82e4f6add66df3d') in 0.003306 seconds
  Import took 0.005175 seconds .

========================================================================
Received Import Request.
  Time since last request: 13.579721 seconds.
  path: Assets/Prefabs/PlayerConfiguration.prefab
  artifactKey: Guid(6549fa0bdc5a61a4fbd96ae3a45732c0) Importer(815301076,1909f56bfc062723c751e8b465ee728b)
Start importing Assets/Prefabs/PlayerConfiguration.prefab using Guid(6549fa0bdc5a61a4fbd96ae3a45732c0) Importer(815301076,1909f56bfc062723c751e8b465ee728b)  -> (artifact id: '871176ccd245060515aabfa7e578214c') in 0.048718 seconds
  Import took 0.050791 seconds .

========================================================================
Received Prepare
Registering precompiled user dll's ...
Registered in 0.000420 seconds.
Begin MonoManager ReloadAssembly
Native extension for WindowsStandalone target not found
Native extension for OSXStandalone target not found
Refreshing native plugins compatible for Editor in 0.22 ms, found 0 plugins.
Preloading 0 native plugins for Editor in 0.00 ms.
Invoked RoslynAnalysisRunner static constructor.
RoslynAnalysisRunner will not be running.
RoslynAnalysisRunner has terminated.
Mono: successfully reloaded assembly
- Completed reload, in  0.628 seconds
Platform modules already initialized, skipping
Refreshing native plugins compatible for Editor in 0.22 ms, found 0 plugins.
Preloading 0 native plugins for Editor in 0.00 ms.
Unloading 1412 Unused Serialized files (Serialized files now loaded: 0)
System memory in use before: 69.4 MB.
System memory in use after: 69.5 MB.

Unloading 6 unused Assets to reduce memory usage. Loaded Objects now: 1898.
Total: 1.420700 ms (FindLiveObjects: 0.136800 ms CreateObjectMapping: 0.041200 ms MarkObjects: 1.224600 ms  DeleteObjects: 0.017500 ms)

========================================================================
Received Prepare
Registering precompiled user dll's ...
Registered in 0.000422 seconds.
Begin MonoManager ReloadAssembly
Native extension for WindowsStandalone target not found
Native extension for OSXStandalone target not found
Refreshing native plugins compatible for Editor in 0.24 ms, found 0 plugins.
Preloading 0 native plugins for Editor in 0.00 ms.
Invoked RoslynAnalysisRunner static constructor.
RoslynAnalysisRunner will not be running.
RoslynAnalysisRunner has terminated.
Mono: successfully reloaded assembly
- Completed reload, in  0.669 seconds
Platform modules already initialized, skipping
Refreshing native plugins compatible for Editor in 0.23 ms, found 0 plugins.
Preloading 0 native plugins for Editor in 0.00 ms.
Unloading 1412 Unused Serialized files (Serialized files now loaded: 0)
System memory in use before: 69.6 MB.
System memory in use after: 69.7 MB.

Unloading 4 unused Assets to reduce memory usage. Loaded Objects now: 1900.
Total: 1.591000 ms (FindLiveObjects: 0.141500 ms CreateObjectMapping: 0.042900 ms MarkObjects: 1.393100 ms  DeleteObjects: 0.012500 ms)

========================================================================
Received Import Request.
  Time since last request: 179.972511 seconds.
  path: Assets/Prefabs/SetupPanel.prefab
  artifactKey: Guid(cf71f4bfee2fb654b964fa5e259180e0) Importer(815301076,1909f56bfc062723c751e8b465ee728b)
Start importing Assets/Prefabs/SetupPanel.prefab using Guid(cf71f4bfee2fb654b964fa5e259180e0) Importer(815301076,1909f56bfc062723c751e8b465ee728b)  -> (artifact id: 'da916c110df3d22ad2373a5207a0fdb2') in 0.064964 seconds
  Import took 0.067142 seconds .

========================================================================
Received Import Request.
  Time since last request: 1.724282 seconds.
  path: Assets/Prefabs/PlayerSetupMenu.prefab
  artifactKey: Guid(abd715edcf0327b4489389778f2bc13c) Importer(815301076,1909f56bfc062723c751e8b465ee728b)
Start importing Assets/Prefabs/PlayerSetupMenu.prefab using Guid(abd715edcf0327b4489389778f2bc13c) Importer(815301076,1909f56bfc062723c751e8b465ee728b)  -> (artifact id: '6fbe17768f9c1923a20ccc1d83b14551') in 0.025565 seconds
  Import took 0.027450 seconds .

========================================================================
Received Import Request.
  Time since last request: 43.263616 seconds.
  path: Assets/Prefabs/PlayerSetupMenu.prefab
  artifactKey: Guid(cf71f4bfee2fb654b964fa5e259180e0) Importer(815301076,1909f56bfc062723c751e8b465ee728b)
Start importing Assets/Prefabs/PlayerSetupMenu.prefab using Guid(cf71f4bfee2fb654b964fa5e259180e0) Importer(815301076,1909f56bfc062723c751e8b465ee728b)  -> (artifact id: 'ce0400746d356863b16ba72d2d0d6f1a') in 0.017771 seconds
  Import took 0.019694 seconds .

========================================================================
Received Prepare
Registering precompiled user dll's ...
Registered in 0.000385 seconds.
Begin MonoManager ReloadAssembly
Native extension for WindowsStandalone target not found
Native extension for OSXStandalone target not found
Refreshing native plugins compatible for Editor in 0.22 ms, found 0 plugins.
Preloading 0 native plugins for Editor in 0.00 ms.
Invoked RoslynAnalysisRunner static constructor.
RoslynAnalysisRunner will not be running.
RoslynAnalysisRunner has terminated.
Mono: successfully reloaded assembly
- Completed reload, in  0.594 seconds
Platform modules already initialized, skipping
Refreshing native plugins compatible for Editor in 0.23 ms, found 0 plugins.
Preloading 0 native plugins for Editor in 0.00 ms.
Unloading 1412 Unused Serialized files (Serialized files now loaded: 0)
System memory in use before: 69.9 MB.
System memory in use after: 70.0 MB.

Unloading 6 unused Assets to reduce memory usage. Loaded Objects now: 1902.
Total: 1.344100 ms (FindLiveObjects: 0.127300 ms CreateObjectMapping: 0.037100 ms MarkObjects: 1.161800 ms  DeleteObjects: 0.017400 ms)

========================================================================
Received Import Request.
  Time since last request: 2142.807652 seconds.
  path: Assets/Prefabs/PlayerOne.prefab
  artifactKey: Guid(d25b52b8e54103d4987767427c03d05f) Importer(815301076,1909f56bfc062723c751e8b465ee728b)
Start importing Assets/Prefabs/PlayerOne.prefab using Guid(d25b52b8e54103d4987767427c03d05f) Importer(815301076,1909f56bfc062723c751e8b465ee728b)  -> (artifact id: '1b8b5a11027170b9d9700022031c6e99') in 0.105053 seconds
  Import took 0.107592 seconds .

========================================================================
Received Import Request.
  Time since last request: 0.004088 seconds.
  path: Assets/Prefabs/PlayerOne.prefab
  artifactKey: Guid(d25b52b8e54103d4987767427c03d05f) Importer(815301076,1909f56bfc062723c751e8b465ee728b)
Start importing Assets/Prefabs/PlayerOne.prefab using Guid(d25b52b8e54103d4987767427c03d05f) Importer(815301076,1909f56bfc062723c751e8b465ee728b)  -> (artifact id: '1b8b5a11027170b9d9700022031c6e99') in 0.012157 seconds
  Import took 0.014347 seconds .

========================================================================
Received Import Request.
  Time since last request: 0.342166 seconds.
  path: Assets/Prefabs/PlayerTwo.prefab
  artifactKey: Guid(6af910253ccdbf5488cc1f673bee5f13) Importer(815301076,1909f56bfc062723c751e8b465ee728b)
Start importing Assets/Prefabs/PlayerTwo.prefab using Guid(6af910253ccdbf5488cc1f673bee5f13) Importer(815301076,1909f56bfc062723c751e8b465ee728b)  -> (artifact id: '6441f2d0b468fe700dbe143aeecf4a92') in 0.049245 seconds
  Import took 0.051412 seconds .

========================================================================
Received Prepare
Registering precompiled user dll's ...
Registered in 0.000415 seconds.
Begin MonoManager ReloadAssembly
Native extension for WindowsStandalone target not found
Native extension for OSXStandalone target not found
Refreshing native plugins compatible for Editor in 0.23 ms, found 0 plugins.
Preloading 0 native plugins for Editor in 0.00 ms.
Invoked RoslynAnalysisRunner static constructor.
RoslynAnalysisRunner will not be running.
RoslynAnalysisRunner has terminated.
Mono: successfully reloaded assembly
- Completed reload, in  0.602 seconds
Platform modules already initialized, skipping
Refreshing native plugins compatible for Editor in 0.22 ms, found 0 plugins.
Preloading 0 native plugins for Editor in 0.00 ms.
Unloading 1412 Unused Serialized files (Serialized files now loaded: 0)
System memory in use before: 73.2 MB.
System memory in use after: 73.3 MB.

Unloading 4 unused Assets to reduce memory usage. Loaded Objects now: 1911.
Total: 1.324800 ms (FindLiveObjects: 0.126700 ms CreateObjectMapping: 0.036400 ms MarkObjects: 1.151100 ms  DeleteObjects: 0.009900 ms)

========================================================================
Received Prepare
Registering precompiled user dll's ...
Registered in 0.000418 seconds.
Begin MonoManager ReloadAssembly
Native extension for WindowsStandalone target not found
Native extension for OSXStandalone target not found
Refreshing native plugins compatible for Editor in 0.22 ms, found 0 plugins.
Preloading 0 native plugins for Editor in 0.00 ms.
Invoked RoslynAnalysisRunner static constructor.
RoslynAnalysisRunner will not be running.
RoslynAnalysisRunner has terminated.
Mono: successfully reloaded assembly
- Completed reload, in  0.645 seconds
Platform modules already initialized, skipping
Refreshing native plugins compatible for Editor in 0.22 ms, found 0 plugins.
Preloading 0 native plugins for Editor in 0.00 ms.
Unloading 1412 Unused Serialized files (Serialized files now loaded: 0)
System memory in use before: 73.4 MB.
System memory in use after: 73.5 MB.

Unloading 4 unused Assets to reduce memory usage. Loaded Objects now: 1913.
Total: 1.509600 ms (FindLiveObjects: 0.169300 ms CreateObjectMapping: 0.049700 ms MarkObjects: 1.278800 ms  DeleteObjects: 0.010900 ms)

========================================================================
Received Import Request.
  Time since last request: 208.965308 seconds.
  path: Assets/Prefabs/PlayerConfiguration.prefab
  artifactKey: Guid(6549fa0bdc5a61a4fbd96ae3a45732c0) Importer(815301076,1909f56bfc062723c751e8b465ee728b)
Start importing Assets/Prefabs/PlayerConfiguration.prefab using Guid(6549fa0bdc5a61a4fbd96ae3a45732c0) Importer(815301076,1909f56bfc062723c751e8b465ee728b)  -> (artifact id: '1539fee9d5840eb33ab971fbe6f2264e') in 0.069108 seconds
  Import took 0.071187 seconds .

========================================================================
Received Import Request.
  Time since last request: 16.069082 seconds.
  path: Assets/Prefabs/PlayerSetupMenu.prefab
  artifactKey: Guid(cf71f4bfee2fb654b964fa5e259180e0) Importer(815301076,1909f56bfc062723c751e8b465ee728b)
Start importing Assets/Prefabs/PlayerSetupMenu.prefab using Guid(cf71f4bfee2fb654b964fa5e259180e0) Importer(815301076,1909f56bfc062723c751e8b465ee728b)  -> (artifact id: 'e8f9d0498db31ec89b17dca6b3d65f1d') in 0.018516 seconds
  Import took 0.020573 seconds .

========================================================================
Received Prepare
Registering precompiled user dll's ...
Registered in 0.000392 seconds.
Begin MonoManager ReloadAssembly
Native extension for WindowsStandalone target not found
Native extension for OSXStandalone target not found
Refreshing native plugins compatible for Editor in 0.21 ms, found 0 plugins.
Preloading 0 native plugins for Editor in 0.00 ms.
Invoked RoslynAnalysisRunner static constructor.
RoslynAnalysisRunner will not be running.
RoslynAnalysisRunner has terminated.
Mono: successfully reloaded assembly
- Completed reload, in  0.602 seconds
Platform modules already initialized, skipping
Refreshing native plugins compatible for Editor in 0.22 ms, found 0 plugins.
Preloading 0 native plugins for Editor in 0.00 ms.
Unloading 1412 Unused Serialized files (Serialized files now loaded: 0)
System memory in use before: 73.5 MB.
System memory in use after: 73.6 MB.

Unloading 6 unused Assets to reduce memory usage. Loaded Objects now: 1915.
Total: 1.428400 ms (FindLiveObjects: 0.140200 ms CreateObjectMapping: 0.038900 ms MarkObjects: 1.229500 ms  DeleteObjects: 0.019000 ms)

========================================================================
Received Prepare
Registering precompiled user dll's ...
Registered in 0.000341 seconds.
Begin MonoManager ReloadAssembly
Native extension for WindowsStandalone target not found
Native extension for OSXStandalone target not found
Refreshing native plugins compatible for Editor in 0.22 ms, found 0 plugins.
Preloading 0 native plugins for Editor in 0.00 ms.
Invoked RoslynAnalysisRunner static constructor.
RoslynAnalysisRunner will not be running.
RoslynAnalysisRunner has terminated.
Mono: successfully reloaded assembly
- Completed reload, in  0.588 seconds
Platform modules already initialized, skipping
Refreshing native plugins compatible for Editor in 0.22 ms, found 0 plugins.
Preloading 0 native plugins for Editor in 0.00 ms.
Unloading 1412 Unused Serialized files (Serialized files now loaded: 0)
System memory in use before: 72.8 MB.
System memory in use after: 72.9 MB.

Unloading 4 unused Assets to reduce memory usage. Loaded Objects now: 1917.
Total: 1.390400 ms (FindLiveObjects: 0.140700 ms CreateObjectMapping: 0.041900 ms MarkObjects: 1.196000 ms  DeleteObjects: 0.011200 ms)

========================================================================
Received Import Request.
  Time since last request: 627.137386 seconds.
  path: Assets/Prefabs/PlayerSetupMenu.prefab
  artifactKey: Guid(cf71f4bfee2fb654b964fa5e259180e0) Importer(815301076,1909f56bfc062723c751e8b465ee728b)
Start importing Assets/Prefabs/PlayerSetupMenu.prefab using Guid(cf71f4bfee2fb654b964fa5e259180e0) Importer(815301076,1909f56bfc062723c751e8b465ee728b)  -> (artifact id: '10eefae400e06c0242cd3e27e7ccafb1') in 0.065592 seconds
  Import took 0.067675 seconds .

========================================================================
Received Import Request.
  Time since last request: 0.011935 seconds.
  path: Assets/Prefabs/PlayerSetupMenu.prefab
  artifactKey: Guid(cf71f4bfee2fb654b964fa5e259180e0) Importer(815301076,1909f56bfc062723c751e8b465ee728b)
Start importing Assets/Prefabs/PlayerSetupMenu.prefab using Guid(cf71f4bfee2fb654b964fa5e259180e0) Importer(815301076,1909f56bfc062723c751e8b465ee728b)  -> (artifact id: '10eefae400e06c0242cd3e27e7ccafb1') in 0.018334 seconds
  Import took 0.020353 seconds .

========================================================================
Received Import Request.
  Time since last request: 453.185586 seconds.
  path: Assets/Input/Controls.inputactions
  artifactKey: Guid(b1ae585532b26c84cb96317d19acf601) Importer(815301076,1909f56bfc062723c751e8b465ee728b)
Start importing Assets/Input/Controls.inputactions using Guid(b1ae585532b26c84cb96317d19acf601) Importer(815301076,1909f56bfc062723c751e8b465ee728b)  -> (artifact id: 'f61aebb1a8174227976cff49a1c3f73b') in 0.002908 seconds
  Import took 0.005188 seconds .

========================================================================
Received Prepare
Registering precompiled user dll's ...
Registered in 0.000352 seconds.
Begin MonoManager ReloadAssembly
Native extension for WindowsStandalone target not found
Native extension for OSXStandalone target not found
Refreshing native plugins compatible for Editor in 0.22 ms, found 0 plugins.
Preloading 0 native plugins for Editor in 0.00 ms.
Invoked RoslynAnalysisRunner static constructor.
RoslynAnalysisRunner will not be running.
RoslynAnalysisRunner has terminated.
Mono: successfully reloaded assembly
- Completed reload, in  0.590 seconds
Platform modules already initialized, skipping
Refreshing native plugins compatible for Editor in 0.23 ms, found 0 plugins.
Preloading 0 native plugins for Editor in 0.00 ms.
Unloading 1412 Unused Serialized files (Serialized files now loaded: 0)
System memory in use before: 73.0 MB.
System memory in use after: 73.1 MB.

Unloading 6 unused Assets to reduce memory usage. Loaded Objects now: 1919.
Total: 1.382700 ms (FindLiveObjects: 0.126000 ms CreateObjectMapping: 0.037600 ms MarkObjects: 1.200500 ms  DeleteObjects: 0.018100 ms)

========================================================================
Received Import Request.
  Time since last request: 51.051552 seconds.
  path: Assets/Input/Controls.inputactions
  artifactKey: Guid(b1ae585532b26c84cb96317d19acf601) Importer(815301076,1909f56bfc062723c751e8b465ee728b)
Start importing Assets/Input/Controls.inputactions using Guid(b1ae585532b26c84cb96317d19acf601) Importer(815301076,1909f56bfc062723c751e8b465ee728b)  -> (artifact id: 'c028fe4e072ce192fe600fb24652f98b') in 0.012788 seconds
  Import took 0.014937 seconds .

========================================================================
Received Prepare
Registering precompiled user dll's ...
Registered in 0.000344 seconds.
Begin MonoManager ReloadAssembly
Native extension for WindowsStandalone target not found
Native extension for OSXStandalone target not found
Refreshing native plugins compatible for Editor in 0.23 ms, found 0 plugins.
Preloading 0 native plugins for Editor in 0.00 ms.
Invoked RoslynAnalysisRunner static constructor.
RoslynAnalysisRunner will not be running.
RoslynAnalysisRunner has terminated.
Mono: successfully reloaded assembly
- Completed reload, in  0.605 seconds
Platform modules already initialized, skipping
Refreshing native plugins compatible for Editor in 0.22 ms, found 0 plugins.
Preloading 0 native plugins for Editor in 0.00 ms.
Unloading 1412 Unused Serialized files (Serialized files now loaded: 0)
System memory in use before: 73.2 MB.
System memory in use after: 73.3 MB.

Unloading 4 unused Assets to reduce memory usage. Loaded Objects now: 1921.
Total: 1.329200 ms (FindLiveObjects: 0.122400 ms CreateObjectMapping: 0.036500 ms MarkObjects: 1.159300 ms  DeleteObjects: 0.010400 ms)

========================================================================
Received Prepare
Registering precompiled user dll's ...
Registered in 0.000322 seconds.
Begin MonoManager ReloadAssembly
Native extension for WindowsStandalone target not found
Native extension for OSXStandalone target not found
Refreshing native plugins compatible for Editor in 0.22 ms, found 0 plugins.
Preloading 0 native plugins for Editor in 0.00 ms.
Invoked RoslynAnalysisRunner static constructor.
RoslynAnalysisRunner will not be running.
RoslynAnalysisRunner has terminated.
Mono: successfully reloaded assembly
- Completed reload, in  0.592 seconds
Platform modules already initialized, skipping
Refreshing native plugins compatible for Editor in 0.22 ms, found 0 plugins.
Preloading 0 native plugins for Editor in 0.00 ms.
Unloading 1412 Unused Serialized files (Serialized files now loaded: 0)
System memory in use before: 73.4 MB.
System memory in use after: 73.5 MB.

Unloading 4 unused Assets to reduce memory usage. Loaded Objects now: 1923.
Total: 1.353700 ms (FindLiveObjects: 0.140400 ms CreateObjectMapping: 0.045100 ms MarkObjects: 1.157900 ms  DeleteObjects: 0.009600 ms)

========================================================================
Received Import Request.
  Time since last request: 17.001575 seconds.
  path: Assets/Input/Controls.inputactions
  artifactKey: Guid(b1ae585532b26c84cb96317d19acf601) Importer(815301076,1909f56bfc062723c751e8b465ee728b)
Start importing Assets/Input/Controls.inputactions using Guid(b1ae585532b26c84cb96317d19acf601) Importer(815301076,1909f56bfc062723c751e8b465ee728b)  -> (artifact id: 'bfef06f8d52c7ee4503130e43cef0c25') in 0.012308 seconds
  Import took 0.014254 seconds .

========================================================================
Received Import Request.
  Time since last request: 0.007463 seconds.
  path: Assets/Input/Controls.inputactions
  artifactKey: Guid(b1ae585532b26c84cb96317d19acf601) Importer(815301076,1909f56bfc062723c751e8b465ee728b)
Start importing Assets/Input/Controls.inputactions using Guid(b1ae585532b26c84cb96317d19acf601) Importer(815301076,1909f56bfc062723c751e8b465ee728b)  -> (artifact id: 'bfef06f8d52c7ee4503130e43cef0c25') in 0.002327 seconds
  Import took 0.004235 seconds .

========================================================================
Received Prepare
Registering precompiled user dll's ...
Registered in 0.000330 seconds.
Begin MonoManager ReloadAssembly
Native extension for WindowsStandalone target not found
Native extension for OSXStandalone target not found
Refreshing native plugins compatible for Editor in 0.22 ms, found 0 plugins.
Preloading 0 native plugins for Editor in 0.00 ms.
Invoked RoslynAnalysisRunner static constructor.
RoslynAnalysisRunner will not be running.
RoslynAnalysisRunner has terminated.
Mono: successfully reloaded assembly
- Completed reload, in  0.589 seconds
Platform modules already initialized, skipping
Refreshing native plugins compatible for Editor in 0.23 ms, found 0 plugins.
Preloading 0 native plugins for Editor in 0.00 ms.
Unloading 1412 Unused Serialized files (Serialized files now loaded: 0)
System memory in use before: 73.5 MB.
System memory in use after: 73.6 MB.

Unloading 4 unused Assets to reduce memory usage. Loaded Objects now: 1925.
Total: 1.350700 ms (FindLiveObjects: 0.135200 ms CreateObjectMapping: 0.039600 ms MarkObjects: 1.164900 ms  DeleteObjects: 0.010300 ms)

========================================================================
Received Prepare
Registering precompiled user dll's ...
Registered in 0.000314 seconds.
Begin MonoManager ReloadAssembly
Native extension for WindowsStandalone target not found
Native extension for OSXStandalone target not found
Refreshing native plugins compatible for Editor in 0.22 ms, found 0 plugins.
Preloading 0 native plugins for Editor in 0.00 ms.
Invoked RoslynAnalysisRunner static constructor.
RoslynAnalysisRunner will not be running.
RoslynAnalysisRunner has terminated.
Mono: successfully reloaded assembly
- Completed reload, in  0.596 seconds
Platform modules already initialized, skipping
Refreshing native plugins compatible for Editor in 0.22 ms, found 0 plugins.
Preloading 0 native plugins for Editor in 0.00 ms.
Unloading 1412 Unused Serialized files (Serialized files now loaded: 0)
System memory in use before: 72.8 MB.
System memory in use after: 72.9 MB.

Unloading 4 unused Assets to reduce memory usage. Loaded Objects now: 1927.
Total: 1.352500 ms (FindLiveObjects: 0.137100 ms CreateObjectMapping: 0.045300 ms MarkObjects: 1.160000 ms  DeleteObjects: 0.009500 ms)

========================================================================
Received Import Request.
  Time since last request: 10.818632 seconds.
  path: Assets/Input/Controls.inputactions
  artifactKey: Guid(b1ae585532b26c84cb96317d19acf601) Importer(815301076,1909f56bfc062723c751e8b465ee728b)
Start importing Assets/Input/Controls.inputactions using Guid(b1ae585532b26c84cb96317d19acf601) Importer(815301076,1909f56bfc062723c751e8b465ee728b)  -> (artifact id: '93f16b90bb1fd728003ea024e61ef31d') in 0.012965 seconds
  Import took 0.014901 seconds .

========================================================================
Received Import Request.
  Time since last request: 0.007309 seconds.
  path: Assets/Input/Controls.inputactions
  artifactKey: Guid(b1ae585532b26c84cb96317d19acf601) Importer(815301076,1909f56bfc062723c751e8b465ee728b)
Start importing Assets/Input/Controls.inputactions using Guid(b1ae585532b26c84cb96317d19acf601) Importer(815301076,1909f56bfc062723c751e8b465ee728b)  -> (artifact id: '93f16b90bb1fd728003ea024e61ef31d') in 0.002331 seconds
  Import took 0.004320 seconds .

========================================================================
Received Prepare
Registering precompiled user dll's ...
Registered in 0.000315 seconds.
Begin MonoManager ReloadAssembly
Native extension for WindowsStandalone target not found
Native extension for OSXStandalone target not found
Refreshing native plugins compatible for Editor in 0.22 ms, found 0 plugins.
Preloading 0 native plugins for Editor in 0.00 ms.
Invoked RoslynAnalysisRunner static constructor.
RoslynAnalysisRunner will not be running.
RoslynAnalysisRunner has terminated.
Mono: successfully reloaded assembly
- Completed reload, in  0.592 seconds
Platform modules already initialized, skipping
Refreshing native plugins compatible for Editor in 0.22 ms, found 0 plugins.
Preloading 0 native plugins for Editor in 0.00 ms.
Unloading 1412 Unused Serialized files (Serialized files now loaded: 0)
System memory in use before: 73.0 MB.
System memory in use after: 73.1 MB.

Unloading 4 unused Assets to reduce memory usage. Loaded Objects now: 1929.
Total: 1.301000 ms (FindLiveObjects: 0.126600 ms CreateObjectMapping: 0.038600 ms MarkObjects: 1.125900 ms  DeleteObjects: 0.009100 ms)

========================================================================
Received Import Request.
  Time since last request: 9.820709 seconds.
  path: Assets/Input/Controls.inputactions
  artifactKey: Guid(b1ae585532b26c84cb96317d19acf601) Importer(815301076,1909f56bfc062723c751e8b465ee728b)
Start importing Assets/Input/Controls.inputactions using Guid(b1ae585532b26c84cb96317d19acf601) Importer(815301076,1909f56bfc062723c751e8b465ee728b)  -> (artifact id: 'a3a81a3227732c5f74339da5892c14e1') in 0.013792 seconds
  Import took 0.015775 seconds .

========================================================================
Received Prepare
Registering precompiled user dll's ...
Registered in 0.000319 seconds.
Begin MonoManager ReloadAssembly
Native extension for WindowsStandalone target not found
Native extension for OSXStandalone target not found
Refreshing native plugins compatible for Editor in 0.23 ms, found 0 plugins.
Preloading 0 native plugins for Editor in 0.00 ms.
Invoked RoslynAnalysisRunner static constructor.
RoslynAnalysisRunner will not be running.
RoslynAnalysisRunner has terminated.
Mono: successfully reloaded assembly
- Completed reload, in  0.590 seconds
Platform modules already initialized, skipping
Refreshing native plugins compatible for Editor in 0.22 ms, found 0 plugins.
Preloading 0 native plugins for Editor in 0.00 ms.
Unloading 1412 Unused Serialized files (Serialized files now loaded: 0)
System memory in use before: 73.1 MB.
System memory in use after: 73.3 MB.

Unloading 4 unused Assets to reduce memory usage. Loaded Objects now: 1931.
Total: 1.311100 ms (FindLiveObjects: 0.123700 ms CreateObjectMapping: 0.037500 ms MarkObjects: 1.139800 ms  DeleteObjects: 0.009500 ms)

========================================================================
Received Prepare
Registering precompiled user dll's ...
Registered in 0.000318 seconds.
Begin MonoManager ReloadAssembly
Native extension for WindowsStandalone target not found
Native extension for OSXStandalone target not found
Refreshing native plugins compatible for Editor in 0.22 ms, found 0 plugins.
Preloading 0 native plugins for Editor in 0.00 ms.
Invoked RoslynAnalysisRunner static constructor.
RoslynAnalysisRunner will not be running.
RoslynAnalysisRunner has terminated.
Mono: successfully reloaded assembly
- Completed reload, in  0.598 seconds
Platform modules already initialized, skipping
Refreshing native plugins compatible for Editor in 0.23 ms, found 0 plugins.
Preloading 0 native plugins for Editor in 0.00 ms.
Unloading 1412 Unused Serialized files (Serialized files now loaded: 0)
System memory in use before: 73.3 MB.
System memory in use after: 73.4 MB.

Unloading 4 unused Assets to reduce memory usage. Loaded Objects now: 1933.
Total: 1.373200 ms (FindLiveObjects: 0.141100 ms CreateObjectMapping: 0.042300 ms MarkObjects: 1.178700 ms  DeleteObjects: 0.010400 ms)

========================================================================
Received Import Request.
  Time since last request: 56.817334 seconds.
  path: Assets/Input/Controls.inputactions
  artifactKey: Guid(b1ae585532b26c84cb96317d19acf601) Importer(815301076,1909f56bfc062723c751e8b465ee728b)
Start importing Assets/Input/Controls.inputactions using Guid(b1ae585532b26c84cb96317d19acf601) Importer(815301076,1909f56bfc062723c751e8b465ee728b)  -> (artifact id: '4f6970917a10faeb1f30fc97858c2d9a') in 0.012174 seconds
  Import took 0.014075 seconds .

========================================================================
Received Import Request.
  Time since last request: 0.048102 seconds.
  path: Assets/Input/Controls.inputactions
  artifactKey: Guid(b1ae585532b26c84cb96317d19acf601) Importer(815301076,1909f56bfc062723c751e8b465ee728b)
Start importing Assets/Input/Controls.inputactions using Guid(b1ae585532b26c84cb96317d19acf601) Importer(815301076,1909f56bfc062723c751e8b465ee728b)  -> (artifact id: '4f6970917a10faeb1f30fc97858c2d9a') in 0.002411 seconds
  Import took 0.004377 seconds .

========================================================================
Received Prepare
Registering precompiled user dll's ...
Registered in 0.000311 seconds.
Begin MonoManager ReloadAssembly
Native extension for WindowsStandalone target not found
Native extension for OSXStandalone target not found
Refreshing native plugins compatible for Editor in 0.23 ms, found 0 plugins.
Preloading 0 native plugins for Editor in 0.00 ms.
Invoked RoslynAnalysisRunner static constructor.
RoslynAnalysisRunner will not be running.
RoslynAnalysisRunner has terminated.
Mono: successfully reloaded assembly
- Completed reload, in  0.601 seconds
Platform modules already initialized, skipping
Refreshing native plugins compatible for Editor in 0.21 ms, found 0 plugins.
Preloading 0 native plugins for Editor in 0.00 ms.
Unloading 1412 Unused Serialized files (Serialized files now loaded: 0)
System memory in use before: 73.5 MB.
System memory in use after: 73.6 MB.

Unloading 4 unused Assets to reduce memory usage. Loaded Objects now: 1935.
Total: 1.324500 ms (FindLiveObjects: 0.124100 ms CreateObjectMapping: 0.037300 ms MarkObjects: 1.153500 ms  DeleteObjects: 0.009000 ms)

========================================================================
Received Import Request.
  Time since last request: 11.316451 seconds.
  path: Assets/Input/Controls.inputactions
  artifactKey: Guid(b1ae585532b26c84cb96317d19acf601) Importer(815301076,1909f56bfc062723c751e8b465ee728b)
Start importing Assets/Input/Controls.inputactions using Guid(b1ae585532b26c84cb96317d19acf601) Importer(815301076,1909f56bfc062723c751e8b465ee728b)  -> (artifact id: 'dc58719fcabbe4c670f39e81500bfd35') in 0.012612 seconds
  Import took 0.014576 seconds .

========================================================================
Received Prepare
Registering precompiled user dll's ...
Registered in 0.000323 seconds.
Begin MonoManager ReloadAssembly
Native extension for WindowsStandalone target not found
Native extension for OSXStandalone target not found
Refreshing native plugins compatible for Editor in 0.23 ms, found 0 plugins.
Preloading 0 native plugins for Editor in 0.00 ms.
Invoked RoslynAnalysisRunner static constructor.
RoslynAnalysisRunner will not be running.
RoslynAnalysisRunner has terminated.
Mono: successfully reloaded assembly
- Completed reload, in  0.605 seconds
Platform modules already initialized, skipping
Refreshing native plugins compatible for Editor in 0.22 ms, found 0 plugins.
Preloading 0 native plugins for Editor in 0.00 ms.
Unloading 1412 Unused Serialized files (Serialized files now loaded: 0)
System memory in use before: 73.5 MB.
System memory in use after: 73.7 MB.

Unloading 4 unused Assets to reduce memory usage. Loaded Objects now: 1937.
Total: 1.351900 ms (FindLiveObjects: 0.141900 ms CreateObjectMapping: 0.043400 ms MarkObjects: 1.155800 ms  DeleteObjects: 0.010300 ms)

========================================================================
Received Import Request.
  Time since last request: 6.657022 seconds.
  path: Assets/Input/Controls.inputactions
  artifactKey: Guid(b1ae585532b26c84cb96317d19acf601) Importer(815301076,1909f56bfc062723c751e8b465ee728b)
Start importing Assets/Input/Controls.inputactions using Guid(b1ae585532b26c84cb96317d19acf601) Importer(815301076,1909f56bfc062723c751e8b465ee728b)  -> (artifact id: 'b595fdd8aab3f7acb6743e40f1d63926') in 0.012621 seconds
  Import took 0.014560 seconds .

========================================================================
Received Prepare
Registering precompiled user dll's ...
Registered in 0.000319 seconds.
Begin MonoManager ReloadAssembly
Native extension for WindowsStandalone target not found
Native extension for OSXStandalone target not found
Refreshing native plugins compatible for Editor in 0.22 ms, found 0 plugins.
Preloading 0 native plugins for Editor in 0.00 ms.
Invoked RoslynAnalysisRunner static constructor.
RoslynAnalysisRunner will not be running.
RoslynAnalysisRunner has terminated.
Mono: successfully reloaded assembly
- Completed reload, in  0.601 seconds
Platform modules already initialized, skipping
Refreshing native plugins compatible for Editor in 0.22 ms, found 0 plugins.
Preloading 0 native plugins for Editor in 0.00 ms.
Unloading 1412 Unused Serialized files (Serialized files now loaded: 0)
System memory in use before: 72.9 MB.
System memory in use after: 73.0 MB.

Unloading 4 unused Assets to reduce memory usage. Loaded Objects now: 1939.
Total: 1.315500 ms (FindLiveObjects: 0.121900 ms CreateObjectMapping: 0.036500 ms MarkObjects: 1.146700 ms  DeleteObjects: 0.009800 ms)

========================================================================
Received Import Request.
  Time since last request: 21.625677 seconds.
  path: Assets/Input/Controls.inputactions
  artifactKey: Guid(b1ae585532b26c84cb96317d19acf601) Importer(815301076,1909f56bfc062723c751e8b465ee728b)
Start importing Assets/Input/Controls.inputactions using Guid(b1ae585532b26c84cb96317d19acf601) Importer(815301076,1909f56bfc062723c751e8b465ee728b)  -> (artifact id: '88c271174878bd6911ccbcd713356233') in 0.013789 seconds
  Import took 0.015718 seconds .

========================================================================
Received Prepare
Registering precompiled user dll's ...
Registered in 0.000318 seconds.
Begin MonoManager ReloadAssembly
Native extension for WindowsStandalone target not found
Native extension for OSXStandalone target not found
Refreshing native plugins compatible for Editor in 0.22 ms, found 0 plugins.
Preloading 0 native plugins for Editor in 0.00 ms.
Invoked RoslynAnalysisRunner static constructor.
RoslynAnalysisRunner will not be running.
RoslynAnalysisRunner has terminated.
Mono: successfully reloaded assembly
- Completed reload, in  0.593 seconds
Platform modules already initialized, skipping
Refreshing native plugins compatible for Editor in 0.22 ms, found 0 plugins.
Preloading 0 native plugins for Editor in 0.00 ms.
Unloading 1412 Unused Serialized files (Serialized files now loaded: 0)
System memory in use before: 73.1 MB.
System memory in use after: 73.2 MB.

Unloading 4 unused Assets to reduce memory usage. Loaded Objects now: 1941.
Total: 1.368400 ms (FindLiveObjects: 0.131900 ms CreateObjectMapping: 0.042600 ms MarkObjects: 1.183300 ms  DeleteObjects: 0.009700 ms)

========================================================================
Received Import Request.
  Time since last request: 9.714257 seconds.
  path: Assets/Input/Controls.inputactions
  artifactKey: Guid(b1ae585532b26c84cb96317d19acf601) Importer(815301076,1909f56bfc062723c751e8b465ee728b)
Start importing Assets/Input/Controls.inputactions using Guid(b1ae585532b26c84cb96317d19acf601) Importer(815301076,1909f56bfc062723c751e8b465ee728b)  -> (artifact id: '9db30e376aa7f29c33136f480be57f89') in 0.012969 seconds
  Import took 0.015140 seconds .

========================================================================
Received Prepare
Registering precompiled user dll's ...
Registered in 0.000314 seconds.
Begin MonoManager ReloadAssembly
Native extension for WindowsStandalone target not found
Native extension for OSXStandalone target not found
Refreshing native plugins compatible for Editor in 0.22 ms, found 0 plugins.
Preloading 0 native plugins for Editor in 0.00 ms.
Invoked RoslynAnalysisRunner static constructor.
RoslynAnalysisRunner will not be running.
RoslynAnalysisRunner has terminated.
Mono: successfully reloaded assembly
- Completed reload, in  0.603 seconds
Platform modules already initialized, skipping
Refreshing native plugins compatible for Editor in 0.21 ms, found 0 plugins.
Preloading 0 native plugins for Editor in 0.00 ms.
Unloading 1412 Unused Serialized files (Serialized files now loaded: 0)
System memory in use before: 73.3 MB.
System memory in use after: 73.4 MB.

Unloading 4 unused Assets to reduce memory usage. Loaded Objects now: 1943.
Total: 1.303400 ms (FindLiveObjects: 0.124100 ms CreateObjectMapping: 0.038200 ms MarkObjects: 1.130800 ms  DeleteObjects: 0.009700 ms)

========================================================================
Received Import Request.
  Time since last request: 5.829664 seconds.
  path: Assets/Input/Controls.inputactions
  artifactKey: Guid(b1ae585532b26c84cb96317d19acf601) Importer(815301076,1909f56bfc062723c751e8b465ee728b)
Start importing Assets/Input/Controls.inputactions using Guid(b1ae585532b26c84cb96317d19acf601) Importer(815301076,1909f56bfc062723c751e8b465ee728b)  -> (artifact id: 'a923648b10dca6829e45b902e2ab18d6') in 0.012564 seconds
  Import took 0.014477 seconds .

========================================================================
Received Prepare
Registering precompiled user dll's ...
Registered in 0.000313 seconds.
Begin MonoManager ReloadAssembly
Native extension for WindowsStandalone target not found
Native extension for OSXStandalone target not found
Refreshing native plugins compatible for Editor in 0.22 ms, found 0 plugins.
Preloading 0 native plugins for Editor in 0.00 ms.
Invoked RoslynAnalysisRunner static constructor.
RoslynAnalysisRunner will not be running.
RoslynAnalysisRunner has terminated.
Mono: successfully reloaded assembly
- Completed reload, in  0.600 seconds
Platform modules already initialized, skipping
Refreshing native plugins compatible for Editor in 0.22 ms, found 0 plugins.
Preloading 0 native plugins for Editor in 0.00 ms.
Unloading 1412 Unused Serialized files (Serialized files now loaded: 0)
System memory in use before: 73.5 MB.
System memory in use after: 73.6 MB.

Unloading 4 unused Assets to reduce memory usage. Loaded Objects now: 1945.
Total: 1.310800 ms (FindLiveObjects: 0.130400 ms CreateObjectMapping: 0.037900 ms MarkObjects: 1.131800 ms  DeleteObjects: 0.010100 ms)

========================================================================
Received Import Request.
  Time since last request: 266.540731 seconds.
  path: Assets/Prefabs/EventSystem.prefab
  artifactKey: Guid(adc474b25eaf07a47829db109f75561e) Importer(815301076,1909f56bfc062723c751e8b465ee728b)
Start importing Assets/Prefabs/EventSystem.prefab using Guid(adc474b25eaf07a47829db109f75561e) Importer(815301076,1909f56bfc062723c751e8b465ee728b)  -> (artifact id: '76c1cb62fa20119002cbb3d007de3fc8') in 0.026964 seconds
  Import took 0.029315 seconds .

========================================================================
Received Prepare
Registering precompiled user dll's ...
Registered in 0.000331 seconds.
Begin MonoManager ReloadAssembly
Native extension for WindowsStandalone target not found
Native extension for OSXStandalone target not found
Refreshing native plugins compatible for Editor in 0.25 ms, found 0 plugins.
Preloading 0 native plugins for Editor in 0.00 ms.
Invoked RoslynAnalysisRunner static constructor.
RoslynAnalysisRunner will not be running.
RoslynAnalysisRunner has terminated.
Mono: successfully reloaded assembly
- Completed reload, in  0.596 seconds
Platform modules already initialized, skipping
Refreshing native plugins compatible for Editor in 0.22 ms, found 0 plugins.
Preloading 0 native plugins for Editor in 0.00 ms.
Unloading 1412 Unused Serialized files (Serialized files now loaded: 0)
System memory in use before: 73.6 MB.
System memory in use after: 73.7 MB.

Unloading 4 unused Assets to reduce memory usage. Loaded Objects now: 1947.
Total: 1.323200 ms (FindLiveObjects: 0.129600 ms CreateObjectMapping: 0.037400 ms MarkObjects: 1.145000 ms  DeleteObjects: 0.010600 ms)

========================================================================
Received Prepare
Registering precompiled user dll's ...
Registered in 0.000413 seconds.
Begin MonoManager ReloadAssembly
Native extension for WindowsStandalone target not found
Native extension for OSXStandalone target not found
Refreshing native plugins compatible for Editor in 0.24 ms, found 0 plugins.
Preloading 0 native plugins for Editor in 0.00 ms.
Invoked RoslynAnalysisRunner static constructor.
RoslynAnalysisRunner will not be running.
RoslynAnalysisRunner has terminated.
Mono: successfully reloaded assembly
- Completed reload, in  0.638 seconds
Platform modules already initialized, skipping
Refreshing native plugins compatible for Editor in 0.24 ms, found 0 plugins.
Preloading 0 native plugins for Editor in 0.00 ms.
Unloading 1412 Unused Serialized files (Serialized files now loaded: 0)
System memory in use before: 72.9 MB.
System memory in use after: 73.0 MB.

Unloading 4 unused Assets to reduce memory usage. Loaded Objects now: 1949.
Total: 1.481400 ms (FindLiveObjects: 0.150600 ms CreateObjectMapping: 0.049000 ms MarkObjects: 1.270200 ms  DeleteObjects: 0.010800 ms)

========================================================================
Received Import Request.
  Time since last request: 346.348976 seconds.
  path: Assets/Prefabs/PlayerSetupMenu.prefab
  artifactKey: Guid(cf71f4bfee2fb654b964fa5e259180e0) Importer(815301076,1909f56bfc062723c751e8b465ee728b)
Start importing Assets/Prefabs/PlayerSetupMenu.prefab using Guid(cf71f4bfee2fb654b964fa5e259180e0) Importer(815301076,1909f56bfc062723c751e8b465ee728b)  -> (artifact id: '0917bd970eb0b22ea8eacfb55d3d95d1') in 0.069318 seconds
  Import took 0.071645 seconds .

========================================================================
Received Prepare
Registering precompiled user dll's ...
Registered in 0.000408 seconds.
Begin MonoManager ReloadAssembly
Native extension for WindowsStandalone target not found
Native extension for OSXStandalone target not found
Refreshing native plugins compatible for Editor in 0.23 ms, found 0 plugins.
Preloading 0 native plugins for Editor in 0.00 ms.
Invoked RoslynAnalysisRunner static constructor.
RoslynAnalysisRunner will not be running.
RoslynAnalysisRunner has terminated.
Mono: successfully reloaded assembly
- Completed reload, in  0.594 seconds
Platform modules already initialized, skipping
Refreshing native plugins compatible for Editor in 0.22 ms, found 0 plugins.
Preloading 0 native plugins for Editor in 0.00 ms.
Unloading 1412 Unused Serialized files (Serialized files now loaded: 0)
System memory in use before: 73.1 MB.
System memory in use after: 73.2 MB.

Unloading 6 unused Assets to reduce memory usage. Loaded Objects now: 1951.
Total: 1.338000 ms (FindLiveObjects: 0.137600 ms CreateObjectMapping: 0.039300 ms MarkObjects: 1.145500 ms  DeleteObjects: 0.015000 ms)

========================================================================
Received Prepare
Registering precompiled user dll's ...
Registered in 0.000432 seconds.
Begin MonoManager ReloadAssembly
Native extension for WindowsStandalone target not found
Native extension for OSXStandalone target not found
Refreshing native plugins compatible for Editor in 0.23 ms, found 0 plugins.
Preloading 0 native plugins for Editor in 0.00 ms.
Invoked RoslynAnalysisRunner static constructor.
RoslynAnalysisRunner will not be running.
RoslynAnalysisRunner has terminated.
Mono: successfully reloaded assembly
- Completed reload, in  0.590 seconds
Platform modules already initialized, skipping
Refreshing native plugins compatible for Editor in 0.22 ms, found 0 plugins.
Preloading 0 native plugins for Editor in 0.00 ms.
Unloading 1412 Unused Serialized files (Serialized files now loaded: 0)
System memory in use before: 73.3 MB.
System memory in use after: 73.4 MB.

Unloading 4 unused Assets to reduce memory usage. Loaded Objects now: 1953.
Total: 1.365000 ms (FindLiveObjects: 0.144400 ms CreateObjectMapping: 0.046200 ms MarkObjects: 1.163500 ms  DeleteObjects: 0.010100 ms)

========================================================================
Received Import Request.
  Time since last request: 253.923175 seconds.
  path: Assets/Input/InputSystem.inputsettings.asset
  artifactKey: Guid(5afd0ffeefef175419c7871c3ed4d38b) Importer(815301076,1909f56bfc062723c751e8b465ee728b)
Start importing Assets/Input/InputSystem.inputsettings.asset using Guid(5afd0ffeefef175419c7871c3ed4d38b) Importer(815301076,1909f56bfc062723c751e8b465ee728b)  -> (artifact id: 'e01457c064a87039f86a7f35dde5d16a') in 0.012015 seconds
  Import took 0.014279 seconds .

========================================================================
Received Prepare
Registering precompiled user dll's ...
Registered in 0.000458 seconds.
Begin MonoManager ReloadAssembly
Native extension for WindowsStandalone target not found
Native extension for OSXStandalone target not found
Refreshing native plugins compatible for Editor in 0.24 ms, found 0 plugins.
Preloading 0 native plugins for Editor in 0.00 ms.
Invoked RoslynAnalysisRunner static constructor.
RoslynAnalysisRunner will not be running.
RoslynAnalysisRunner has terminated.
Mono: successfully reloaded assembly
- Completed reload, in  0.637 seconds
Platform modules already initialized, skipping
Refreshing native plugins compatible for Editor in 0.22 ms, found 0 plugins.
Preloading 0 native plugins for Editor in 0.00 ms.
Unloading 1412 Unused Serialized files (Serialized files now loaded: 0)
System memory in use before: 73.4 MB.
System memory in use after: 73.6 MB.

Unloading 4 unused Assets to reduce memory usage. Loaded Objects now: 1955.
Total: 1.482500 ms (FindLiveObjects: 0.160500 ms CreateObjectMapping: 0.045500 ms MarkObjects: 1.263900 ms  DeleteObjects: 0.011500 ms)

AssetImportWorkerClient::OnTransportError - code=2 error=End of file
