Using pre-set license
Built from '2020.2/release' branch; Version is '2020.2.1f1 (270dd8c3da1c) revision 2559448'; Using compiler version '192528614'; Build Type 'Release'
OS: 'Windows 10  (10.0.0) 64bit' Language: 'sv' Physical Memory: 32661 MB
BatchMode: 1, IsHumanControllingUs: 0, StartBugReporterOnCrash: 0, Is64bit: 1, IsPro: 0

 COMMAND LINE ARGUMENTS:
C:\Program Files (x86)\Unity Editor\2020.2.1f1\Editor\Unity.exe
-adb2
-batchMode
-noUpm
-name
AssetImportWorker0
-projectPath
E:/SnakemanVsSantaOnkel/snakeman
-logFile
Logs/AssetImportWorker0.log
-srvPort
61700
Successfully changed project path to: E:/SnakemanVsSantaOnkel/snakeman
E:/SnakemanVsSantaOnkel/snakeman
Using Asset Import Pipeline V2.
Refreshing native plugins compatible for Editor in 20.22 ms, found 0 plugins.
Preloading 0 native plugins for Editor in 0.00 ms.
Initialize engine version: 2020.2.1f1 (270dd8c3da1c)
[Subsystems] Discovering subsystems at path C:/Program Files (x86)/Unity Editor/2020.2.1f1/Editor/Data/Resources/UnitySubsystems
[Subsystems] Discovering subsystems at path E:/SnakemanVsSantaOnkel/snakeman/Assets
GfxDevice: creating device client; threaded=0
Direct3D:
    Version:  Direct3D 11.0 [level 11.1]
    Renderer: NVIDIA GeForce RTX 3080 (ID=0x2206)
    Vendor:   
    VRAM:     10078 MB
    Driver:   27.21.14.5730
Initialize mono
Mono path[0] = 'C:/Program Files (x86)/Unity Editor/2020.2.1f1/Editor/Data/Managed'
Mono path[1] = 'C:/Program Files (x86)/Unity Editor/2020.2.1f1/Editor/Data/MonoBleedingEdge/lib/mono/unityjit'
Mono config path = 'C:/Program Files (x86)/Unity Editor/2020.2.1f1/Editor/Data/MonoBleedingEdge/etc'
Using monoOptions --debugger-agent=transport=dt_socket,embedding=1,server=y,suspend=n,address=127.0.0.1:56016
Begin MonoManager ReloadAssembly
Registering precompiled unity dll's ...
Register platform support module: C:/Program Files (x86)/Unity Editor/2020.2.1f1/Editor/Data/PlaybackEngines/MacStandaloneSupport/UnityEditor.OSXStandalone.Extensions.dll
Register platform support module: C:/Program Files (x86)/Unity Editor/2020.2.1f1/Editor/Data/PlaybackEngines/WindowsStandaloneSupport/UnityEditor.WindowsStandalone.Extensions.dll
Registered in 0.001461 seconds.
Native extension for WindowsStandalone target not found
Native extension for OSXStandalone target not found
Refreshing native plugins compatible for Editor in 20.56 ms, found 0 plugins.
Preloading 0 native plugins for Editor in 0.00 ms.
Invoked RoslynAnalysisRunner static constructor.
RoslynAnalysisRunner will not be running.
RoslynAnalysisRunner has terminated.
Mono: successfully reloaded assembly
- Completed reload, in  1.253 seconds
Platform modules already initialized, skipping
Registering precompiled user dll's ...
Registered in 0.000356 seconds.
Begin MonoManager ReloadAssembly
Native extension for WindowsStandalone target not found
Native extension for OSXStandalone target not found
Refreshing native plugins compatible for Editor in 21.05 ms, found 0 plugins.
Preloading 0 native plugins for Editor in 0.00 ms.
Invoked RoslynAnalysisRunner static constructor.
RoslynAnalysisRunner will not be running.
RoslynAnalysisRunner has terminated.
Mono: successfully reloaded assembly
- Completed reload, in  0.660 seconds
Platform modules already initialized, skipping
========================================================================
Worker process is ready to serve import requests
Launched and connected shader compiler UnityShaderCompiler.exe after 0.03 seconds
Refreshing native plugins compatible for Editor in 0.21 ms, found 0 plugins.
Preloading 0 native plugins for Editor in 0.00 ms.
Unloading 1410 Unused Serialized files (Serialized files now loaded: 0)
System memory in use before: 66.8 MB.
System memory in use after: 66.9 MB.

Unloading 11 unused Assets to reduce memory usage. Loaded Objects now: 1854.
Total: 1.415900 ms (FindLiveObjects: 0.141000 ms CreateObjectMapping: 0.049700 ms MarkObjects: 1.189000 ms  DeleteObjects: 0.035600 ms)

========================================================================
Received Import Request.
  path: Assets
  artifactKey: Guid(00000000000000001000000000000000) Importer(815301076,1909f56bfc062723c751e8b465ee728b)
Start importing Assets using Guid(00000000000000001000000000000000) Importer(815301076,1909f56bfc062723c751e8b465ee728b)  -> (artifact id: 'e1a2c4dac9df7c17871e19a3b74f0e9f') in 0.005670 seconds
  Import took 0.007273 seconds .

========================================================================
Received Import Request.
  Time since last request: 11.505764 seconds.
  path: Assets/Controls.inputactions
  artifactKey: Guid(b1ae585532b26c84cb96317d19acf601) Importer(815301076,1909f56bfc062723c751e8b465ee728b)
Start importing Assets/Controls.inputactions using Guid(b1ae585532b26c84cb96317d19acf601) Importer(815301076,1909f56bfc062723c751e8b465ee728b)  -> (artifact id: '190564d175720fd19cf3b4fd401088eb') in 0.023779 seconds
  Import took 0.025586 seconds .

========================================================================
Received Import Request.
  Time since last request: 1.802393 seconds.
  path: Assets/script.cs
  artifactKey: Guid(00a3fce3c86af7646a47b76b49689589) Importer(815301076,1909f56bfc062723c751e8b465ee728b)
Start importing Assets/script.cs using Guid(00a3fce3c86af7646a47b76b49689589) Importer(815301076,1909f56bfc062723c751e8b465ee728b)  -> (artifact id: 'e039f55c6f5e1cc26e2c1dcfaeb827c2') in 0.006877 seconds
  Import took 0.008631 seconds .

========================================================================
Received Prepare
Registering precompiled user dll's ...
Registered in 0.000401 seconds.
Begin MonoManager ReloadAssembly
Native extension for WindowsStandalone target not found
Native extension for OSXStandalone target not found
Refreshing native plugins compatible for Editor in 0.22 ms, found 0 plugins.
Preloading 0 native plugins for Editor in 0.00 ms.
Invoked RoslynAnalysisRunner static constructor.
RoslynAnalysisRunner will not be running.
RoslynAnalysisRunner has terminated.
Mono: successfully reloaded assembly
- Completed reload, in  0.618 seconds
Platform modules already initialized, skipping
Refreshing native plugins compatible for Editor in 0.22 ms, found 0 plugins.
Preloading 0 native plugins for Editor in 0.00 ms.
Unloading 1403 Unused Serialized files (Serialized files now loaded: 0)
System memory in use before: 66.9 MB.
System memory in use after: 67.0 MB.

Unloading 5 unused Assets to reduce memory usage. Loaded Objects now: 1855.
Total: 1.316500 ms (FindLiveObjects: 0.121400 ms CreateObjectMapping: 0.036800 ms MarkObjects: 1.144800 ms  DeleteObjects: 0.012500 ms)

========================================================================
Received Import Request.
  Time since last request: 4.850015 seconds.
  path: Assets/Tilemaps
  artifactKey: Guid(89cb195387cad5041a8b72fa6aaf8a59) Importer(815301076,1909f56bfc062723c751e8b465ee728b)
Start importing Assets/Tilemaps using Guid(89cb195387cad5041a8b72fa6aaf8a59) Importer(815301076,1909f56bfc062723c751e8b465ee728b)  -> (artifact id: 'a85235d35fcdf61084f4d8f62a180599') in 0.005692 seconds
  Import took 0.007288 seconds .

========================================================================
Received Import Request.
  Time since last request: 9912.080102 seconds.
  path: Assets/Prefabs/PlayerOne.prefab
  artifactKey: Guid(d25b52b8e54103d4987767427c03d05f) Importer(815301076,1909f56bfc062723c751e8b465ee728b)
Start importing Assets/Prefabs/PlayerOne.prefab using Guid(d25b52b8e54103d4987767427c03d05f) Importer(815301076,1909f56bfc062723c751e8b465ee728b)  -> (artifact id: '7b34d16421a867d36483d62f7db44b4c') in 0.083710 seconds
  Import took 0.086070 seconds .

========================================================================
Received Import Request.
  Time since last request: 25.575868 seconds.
  path: Assets/Prefabs/PlayerOne.prefab
  artifactKey: Guid(d25b52b8e54103d4987767427c03d05f) Importer(815301076,1909f56bfc062723c751e8b465ee728b)
Start importing Assets/Prefabs/PlayerOne.prefab using Guid(d25b52b8e54103d4987767427c03d05f) Importer(815301076,1909f56bfc062723c751e8b465ee728b)  -> (artifact id: '92d0e8022f09b1c6bb222bef398e7828') in 0.014564 seconds
  Import took 0.016718 seconds .

========================================================================
Received Prepare
Registering precompiled user dll's ...
Registered in 0.000335 seconds.
Begin MonoManager ReloadAssembly
Native extension for WindowsStandalone target not found
Native extension for OSXStandalone target not found
Refreshing native plugins compatible for Editor in 0.22 ms, found 0 plugins.
Preloading 0 native plugins for Editor in 0.00 ms.
Invoked RoslynAnalysisRunner static constructor.
RoslynAnalysisRunner will not be running.
RoslynAnalysisRunner has terminated.
Mono: successfully reloaded assembly
- Completed reload, in  0.616 seconds
Platform modules already initialized, skipping
Refreshing native plugins compatible for Editor in 0.21 ms, found 0 plugins.
Preloading 0 native plugins for Editor in 0.00 ms.
Unloading 1403 Unused Serialized files (Serialized files now loaded: 0)
System memory in use before: 70.2 MB.
System memory in use after: 70.3 MB.

Unloading 4 unused Assets to reduce memory usage. Loaded Objects now: 1864.
Total: 1.295800 ms (FindLiveObjects: 0.127400 ms CreateObjectMapping: 0.037600 ms MarkObjects: 1.121000 ms  DeleteObjects: 0.009200 ms)

========================================================================
Received Import Request.
  Time since last request: 331.171301 seconds.
  path: Assets/Prefabs/PlayerOne.prefab
  artifactKey: Guid(d25b52b8e54103d4987767427c03d05f) Importer(815301076,1909f56bfc062723c751e8b465ee728b)
Start importing Assets/Prefabs/PlayerOne.prefab using Guid(d25b52b8e54103d4987767427c03d05f) Importer(815301076,1909f56bfc062723c751e8b465ee728b)  -> (artifact id: 'd8aa3902b853f6ff998eb1bd37000d2f') in 0.059687 seconds
  Import took 0.061902 seconds .

========================================================================
Received Prepare
Registering precompiled user dll's ...
Registered in 0.000347 seconds.
Begin MonoManager ReloadAssembly
Native extension for WindowsStandalone target not found
Native extension for OSXStandalone target not found
Refreshing native plugins compatible for Editor in 0.22 ms, found 0 plugins.
Preloading 0 native plugins for Editor in 0.00 ms.
Invoked RoslynAnalysisRunner static constructor.
RoslynAnalysisRunner will not be running.
RoslynAnalysisRunner has terminated.
Mono: successfully reloaded assembly
- Completed reload, in  0.597 seconds
Platform modules already initialized, skipping
Refreshing native plugins compatible for Editor in 0.21 ms, found 0 plugins.
Preloading 0 native plugins for Editor in 0.00 ms.
Unloading 1403 Unused Serialized files (Serialized files now loaded: 0)
System memory in use before: 70.3 MB.
System memory in use after: 70.4 MB.

Unloading 4 unused Assets to reduce memory usage. Loaded Objects now: 1867.
Total: 1.299300 ms (FindLiveObjects: 0.121200 ms CreateObjectMapping: 0.037200 ms MarkObjects: 1.130100 ms  DeleteObjects: 0.010000 ms)

========================================================================
Received Prepare
Registering precompiled user dll's ...
Registered in 0.000335 seconds.
Begin MonoManager ReloadAssembly
Native extension for WindowsStandalone target not found
Native extension for OSXStandalone target not found
Refreshing native plugins compatible for Editor in 0.22 ms, found 0 plugins.
Preloading 0 native plugins for Editor in 0.00 ms.
Invoked RoslynAnalysisRunner static constructor.
RoslynAnalysisRunner will not be running.
RoslynAnalysisRunner has terminated.
Mono: successfully reloaded assembly
- Completed reload, in  0.593 seconds
Platform modules already initialized, skipping
Refreshing native plugins compatible for Editor in 0.22 ms, found 0 plugins.
Preloading 0 native plugins for Editor in 0.00 ms.
Unloading 1403 Unused Serialized files (Serialized files now loaded: 0)
System memory in use before: 70.5 MB.
System memory in use after: 70.6 MB.

Unloading 4 unused Assets to reduce memory usage. Loaded Objects now: 1869.
Total: 1.407700 ms (FindLiveObjects: 0.129100 ms CreateObjectMapping: 0.040100 ms MarkObjects: 1.227500 ms  DeleteObjects: 0.010400 ms)

========================================================================
Received Prepare
Registering precompiled user dll's ...
Registered in 0.000389 seconds.
Begin MonoManager ReloadAssembly
Native extension for WindowsStandalone target not found
Native extension for OSXStandalone target not found
Refreshing native plugins compatible for Editor in 0.23 ms, found 0 plugins.
Preloading 0 native plugins for Editor in 0.00 ms.
Invoked RoslynAnalysisRunner static constructor.
RoslynAnalysisRunner will not be running.
RoslynAnalysisRunner has terminated.
Mono: successfully reloaded assembly
- Completed reload, in  0.613 seconds
Platform modules already initialized, skipping
Refreshing native plugins compatible for Editor in 0.24 ms, found 0 plugins.
Preloading 0 native plugins for Editor in 0.00 ms.
Unloading 1403 Unused Serialized files (Serialized files now loaded: 0)
System memory in use before: 70.6 MB.
System memory in use after: 70.7 MB.

Unloading 4 unused Assets to reduce memory usage. Loaded Objects now: 1871.
Total: 1.390100 ms (FindLiveObjects: 0.145800 ms CreateObjectMapping: 0.046100 ms MarkObjects: 1.188100 ms  DeleteObjects: 0.009300 ms)

========================================================================
Received Prepare
Registering precompiled user dll's ...
Registered in 0.000384 seconds.
Begin MonoManager ReloadAssembly
Native extension for WindowsStandalone target not found
Native extension for OSXStandalone target not found
Refreshing native plugins compatible for Editor in 0.22 ms, found 0 plugins.
Preloading 0 native plugins for Editor in 0.00 ms.
Invoked RoslynAnalysisRunner static constructor.
RoslynAnalysisRunner will not be running.
RoslynAnalysisRunner has terminated.
Mono: successfully reloaded assembly
- Completed reload, in  0.580 seconds
Platform modules already initialized, skipping
Refreshing native plugins compatible for Editor in 0.22 ms, found 0 plugins.
Preloading 0 native plugins for Editor in 0.00 ms.
Unloading 1403 Unused Serialized files (Serialized files now loaded: 0)
System memory in use before: 70.7 MB.
System memory in use after: 70.8 MB.

Unloading 4 unused Assets to reduce memory usage. Loaded Objects now: 1873.
Total: 1.352000 ms (FindLiveObjects: 0.140500 ms CreateObjectMapping: 0.046500 ms MarkObjects: 1.154900 ms  DeleteObjects: 0.009500 ms)

========================================================================
Received Import Request.
  Time since last request: 7036.845965 seconds.
  path: Assets/Prefabs/PlayerOne.prefab
  artifactKey: Guid(d25b52b8e54103d4987767427c03d05f) Importer(815301076,1909f56bfc062723c751e8b465ee728b)
Start importing Assets/Prefabs/PlayerOne.prefab using Guid(d25b52b8e54103d4987767427c03d05f) Importer(815301076,1909f56bfc062723c751e8b465ee728b)  -> (artifact id: '037deac828053939c5751dcb1c30f9c0') in 0.067240 seconds
  Import took 0.069288 seconds .

========================================================================
Received Import Request.
  Time since last request: 17.722347 seconds.
  path: Assets/Prefabs/PlayerOne.prefab
  artifactKey: Guid(d25b52b8e54103d4987767427c03d05f) Importer(815301076,1909f56bfc062723c751e8b465ee728b)
Start importing Assets/Prefabs/PlayerOne.prefab using Guid(d25b52b8e54103d4987767427c03d05f) Importer(815301076,1909f56bfc062723c751e8b465ee728b)  -> (artifact id: '5aa004f74fe106800da7cec3bdb8d041') in 0.010576 seconds
  Import took 0.012695 seconds .

========================================================================
Received Import Request.
  Time since last request: 28.059865 seconds.
  path: Assets/Prefabs/PlayerOne.prefab
  artifactKey: Guid(d25b52b8e54103d4987767427c03d05f) Importer(815301076,1909f56bfc062723c751e8b465ee728b)
Start importing Assets/Prefabs/PlayerOne.prefab using Guid(d25b52b8e54103d4987767427c03d05f) Importer(815301076,1909f56bfc062723c751e8b465ee728b)  -> (artifact id: 'e988855b1cf58f14408b5219618e0edf') in 0.011008 seconds
  Import took 0.013129 seconds .

========================================================================
Received Import Request.
  Time since last request: 21.380516 seconds.
  path: Assets/Prefabs/PlayerOne.prefab
  artifactKey: Guid(d25b52b8e54103d4987767427c03d05f) Importer(815301076,1909f56bfc062723c751e8b465ee728b)
Start importing Assets/Prefabs/PlayerOne.prefab using Guid(d25b52b8e54103d4987767427c03d05f) Importer(815301076,1909f56bfc062723c751e8b465ee728b)  -> (artifact id: 'cd5c957cb498233b5c38859303ad7891') in 0.011532 seconds
  Import took 0.013672 seconds .

========================================================================
Received Import Request.
  Time since last request: 562.587991 seconds.
  path: Assets/Prefabs/PlayerOne.prefab
  artifactKey: Guid(d25b52b8e54103d4987767427c03d05f) Importer(815301076,1909f56bfc062723c751e8b465ee728b)
Start importing Assets/Prefabs/PlayerOne.prefab using Guid(d25b52b8e54103d4987767427c03d05f) Importer(815301076,1909f56bfc062723c751e8b465ee728b)  -> (artifact id: 'b1f050e5c717b1d667dbfdf769f9c167') in 0.017142 seconds
  Import took 0.019581 seconds .

========================================================================
Received Prepare
Registering precompiled user dll's ...
Registered in 0.000386 seconds.
Begin MonoManager ReloadAssembly
Native extension for WindowsStandalone target not found
Native extension for OSXStandalone target not found
Refreshing native plugins compatible for Editor in 0.22 ms, found 0 plugins.
Preloading 0 native plugins for Editor in 0.00 ms.
Invoked RoslynAnalysisRunner static constructor.
RoslynAnalysisRunner will not be running.
RoslynAnalysisRunner has terminated.
Mono: successfully reloaded assembly
- Completed reload, in  0.584 seconds
Platform modules already initialized, skipping
Refreshing native plugins compatible for Editor in 0.21 ms, found 0 plugins.
Preloading 0 native plugins for Editor in 0.00 ms.
Unloading 1403 Unused Serialized files (Serialized files now loaded: 0)
System memory in use before: 70.8 MB.
System memory in use after: 70.9 MB.

Unloading 4 unused Assets to reduce memory usage. Loaded Objects now: 1876.
Total: 1.318800 ms (FindLiveObjects: 0.133400 ms CreateObjectMapping: 0.044900 ms MarkObjects: 1.130000 ms  DeleteObjects: 0.010000 ms)

========================================================================
Received Prepare
Registering precompiled user dll's ...
Registered in 0.000354 seconds.
Begin MonoManager ReloadAssembly
Native extension for WindowsStandalone target not found
Native extension for OSXStandalone target not found
Refreshing native plugins compatible for Editor in 0.22 ms, found 0 plugins.
Preloading 0 native plugins for Editor in 0.00 ms.
Invoked RoslynAnalysisRunner static constructor.
RoslynAnalysisRunner will not be running.
RoslynAnalysisRunner has terminated.
Mono: successfully reloaded assembly
- Completed reload, in  0.592 seconds
Platform modules already initialized, skipping
Refreshing native plugins compatible for Editor in 0.21 ms, found 0 plugins.
Preloading 0 native plugins for Editor in 0.00 ms.
Unloading 1403 Unused Serialized files (Serialized files now loaded: 0)
System memory in use before: 70.9 MB.
System memory in use after: 71.0 MB.

Unloading 4 unused Assets to reduce memory usage. Loaded Objects now: 1878.
Total: 1.333800 ms (FindLiveObjects: 0.133300 ms CreateObjectMapping: 0.041500 ms MarkObjects: 1.149100 ms  DeleteObjects: 0.009100 ms)

========================================================================
Received Prepare
Registering precompiled user dll's ...
Registered in 0.000407 seconds.
Begin MonoManager ReloadAssembly
Native extension for WindowsStandalone target not found
Native extension for OSXStandalone target not found
Refreshing native plugins compatible for Editor in 0.22 ms, found 0 plugins.
Preloading 0 native plugins for Editor in 0.00 ms.
Invoked RoslynAnalysisRunner static constructor.
RoslynAnalysisRunner will not be running.
RoslynAnalysisRunner has terminated.
Mono: successfully reloaded assembly
- Completed reload, in  0.586 seconds
Platform modules already initialized, skipping
Refreshing native plugins compatible for Editor in 0.21 ms, found 0 plugins.
Preloading 0 native plugins for Editor in 0.00 ms.
Unloading 1403 Unused Serialized files (Serialized files now loaded: 0)
System memory in use before: 71.0 MB.
System memory in use after: 71.1 MB.

Unloading 4 unused Assets to reduce memory usage. Loaded Objects now: 1880.
Total: 1.278000 ms (FindLiveObjects: 0.118400 ms CreateObjectMapping: 0.035900 ms MarkObjects: 1.114000 ms  DeleteObjects: 0.009100 ms)

========================================================================
Received Prepare
Registering precompiled user dll's ...
Registered in 0.000353 seconds.
Begin MonoManager ReloadAssembly
Native extension for WindowsStandalone target not found
Native extension for OSXStandalone target not found
Refreshing native plugins compatible for Editor in 0.23 ms, found 0 plugins.
Preloading 0 native plugins for Editor in 0.00 ms.
Invoked RoslynAnalysisRunner static constructor.
RoslynAnalysisRunner will not be running.
RoslynAnalysisRunner has terminated.
Mono: successfully reloaded assembly
- Completed reload, in  0.619 seconds
Platform modules already initialized, skipping
Refreshing native plugins compatible for Editor in 0.21 ms, found 0 plugins.
Preloading 0 native plugins for Editor in 0.00 ms.
Unloading 1403 Unused Serialized files (Serialized files now loaded: 0)
System memory in use before: 71.2 MB.
System memory in use after: 71.3 MB.

Unloading 4 unused Assets to reduce memory usage. Loaded Objects now: 1882.
Total: 1.399200 ms (FindLiveObjects: 0.141900 ms CreateObjectMapping: 0.045200 ms MarkObjects: 1.200900 ms  DeleteObjects: 0.010400 ms)

========================================================================
Received Import Request.
  Time since last request: 2603.193450 seconds.
  path: Assets/Prefabs
  artifactKey: Guid(2f6483df84fbf4b4aa9e7939ac17f33f) Importer(815301076,1909f56bfc062723c751e8b465ee728b)
Start importing Assets/Prefabs using Guid(2f6483df84fbf4b4aa9e7939ac17f33f) Importer(815301076,1909f56bfc062723c751e8b465ee728b)  -> (artifact id: '19bf8072b60168d739b0ece0c526123b') in 0.006613 seconds
  Import took 0.008554 seconds .

========================================================================
Received Prepare
Registering precompiled user dll's ...
Registered in 0.000443 seconds.
Begin MonoManager ReloadAssembly
Native extension for WindowsStandalone target not found
Native extension for OSXStandalone target not found
Refreshing native plugins compatible for Editor in 0.23 ms, found 0 plugins.
Preloading 0 native plugins for Editor in 0.00 ms.
Invoked RoslynAnalysisRunner static constructor.
RoslynAnalysisRunner will not be running.
RoslynAnalysisRunner has terminated.
Mono: successfully reloaded assembly
- Completed reload, in  0.588 seconds
Platform modules already initialized, skipping
Refreshing native plugins compatible for Editor in 0.27 ms, found 0 plugins.
Preloading 0 native plugins for Editor in 0.00 ms.
Unloading 1403 Unused Serialized files (Serialized files now loaded: 0)
System memory in use before: 71.3 MB.
System memory in use after: 71.4 MB.

Unloading 4 unused Assets to reduce memory usage. Loaded Objects now: 1884.
Total: 1.317000 ms (FindLiveObjects: 0.126400 ms CreateObjectMapping: 0.037300 ms MarkObjects: 1.142500 ms  DeleteObjects: 0.010100 ms)

========================================================================
Received Import Request.
  Time since last request: 131.507805 seconds.
  path: Assets/Prefabs/PlayerTwo.prefab
  artifactKey: Guid(6af910253ccdbf5488cc1f673bee5f13) Importer(815301076,1909f56bfc062723c751e8b465ee728b)
Start importing Assets/Prefabs/PlayerTwo.prefab using Guid(6af910253ccdbf5488cc1f673bee5f13) Importer(815301076,1909f56bfc062723c751e8b465ee728b)  -> (artifact id: '25e2be37922cac15574e9f2f58b4a46b') in 0.059765 seconds
  Import took 0.061995 seconds .

========================================================================
Received Import Request.
  Time since last request: 117.654970 seconds.
  path: Assets/Prefabs/PlayerTwo.prefab
  artifactKey: Guid(6af910253ccdbf5488cc1f673bee5f13) Importer(815301076,1909f56bfc062723c751e8b465ee728b)
Start importing Assets/Prefabs/PlayerTwo.prefab using Guid(6af910253ccdbf5488cc1f673bee5f13) Importer(815301076,1909f56bfc062723c751e8b465ee728b)  -> (artifact id: '27ab2907a128d9cac596c4ef388fa705') in 0.011718 seconds
  Import took 0.014127 seconds .

========================================================================
Received Prepare
Registering precompiled user dll's ...
Registered in 0.000418 seconds.
Begin MonoManager ReloadAssembly
Native extension for WindowsStandalone target not found
Native extension for OSXStandalone target not found
Refreshing native plugins compatible for Editor in 0.22 ms, found 0 plugins.
Preloading 0 native plugins for Editor in 0.00 ms.
Invoked RoslynAnalysisRunner static constructor.
RoslynAnalysisRunner will not be running.
RoslynAnalysisRunner has terminated.
Mono: successfully reloaded assembly
- Completed reload, in  0.596 seconds
Platform modules already initialized, skipping
Refreshing native plugins compatible for Editor in 0.22 ms, found 0 plugins.
Preloading 0 native plugins for Editor in 0.00 ms.
Unloading 1403 Unused Serialized files (Serialized files now loaded: 0)
System memory in use before: 71.4 MB.
System memory in use after: 71.5 MB.

Unloading 4 unused Assets to reduce memory usage. Loaded Objects now: 1887.
Total: 1.464000 ms (FindLiveObjects: 0.149200 ms CreateObjectMapping: 0.042000 ms MarkObjects: 1.260400 ms  DeleteObjects: 0.011500 ms)

========================================================================
Received Import Request.
  Time since last request: 3062.583072 seconds.
  path: Assets/Scenes/MainMenu.unity
  artifactKey: Guid(0002a7da4c90ba94cb16e5832d6b7ded) Importer(815301076,1909f56bfc062723c751e8b465ee728b)
Start importing Assets/Scenes/MainMenu.unity using Guid(0002a7da4c90ba94cb16e5832d6b7ded) Importer(815301076,1909f56bfc062723c751e8b465ee728b)  -> (artifact id: 'b01239b07c2704be79d0b25562c18b9d') in 0.010973 seconds
  Import took 0.013085 seconds .

========================================================================
Received Import Request.
  Time since last request: 0.000279 seconds.
  path: Assets/Scenes/MainMenu.unity
  artifactKey: Guid(0002a7da4c90ba94cb16e5832d6b7ded) Importer(815301076,1909f56bfc062723c751e8b465ee728b)
Start importing Assets/Scenes/MainMenu.unity using Guid(0002a7da4c90ba94cb16e5832d6b7ded) Importer(815301076,1909f56bfc062723c751e8b465ee728b)  -> (artifact id: 'b01239b07c2704be79d0b25562c18b9d') in 0.001578 seconds
  Import took 0.003325 seconds .

========================================================================
Received Prepare
Registering precompiled user dll's ...
Registered in 0.000341 seconds.
Begin MonoManager ReloadAssembly
Native extension for WindowsStandalone target not found
Native extension for OSXStandalone target not found
Refreshing native plugins compatible for Editor in 0.22 ms, found 0 plugins.
Preloading 0 native plugins for Editor in 0.00 ms.
Invoked RoslynAnalysisRunner static constructor.
RoslynAnalysisRunner will not be running.
RoslynAnalysisRunner has terminated.
Mono: successfully reloaded assembly
- Completed reload, in  0.593 seconds
Platform modules already initialized, skipping
Refreshing native plugins compatible for Editor in 0.21 ms, found 0 plugins.
Preloading 0 native plugins for Editor in 0.00 ms.
Unloading 1403 Unused Serialized files (Serialized files now loaded: 0)
System memory in use before: 71.5 MB.
System memory in use after: 71.6 MB.

Unloading 4 unused Assets to reduce memory usage. Loaded Objects now: 1889.
Total: 1.436500 ms (FindLiveObjects: 0.153500 ms CreateObjectMapping: 0.051200 ms MarkObjects: 1.220700 ms  DeleteObjects: 0.010100 ms)

========================================================================
Received Prepare
Registering precompiled user dll's ...
Registered in 0.000425 seconds.
Begin MonoManager ReloadAssembly
Native extension for WindowsStandalone target not found
Native extension for OSXStandalone target not found
Refreshing native plugins compatible for Editor in 0.23 ms, found 0 plugins.
Preloading 0 native plugins for Editor in 0.00 ms.
Invoked RoslynAnalysisRunner static constructor.
RoslynAnalysisRunner will not be running.
RoslynAnalysisRunner has terminated.
Mono: successfully reloaded assembly
- Completed reload, in  0.580 seconds
Platform modules already initialized, skipping
Refreshing native plugins compatible for Editor in 0.22 ms, found 0 plugins.
Preloading 0 native plugins for Editor in 0.00 ms.
Unloading 1403 Unused Serialized files (Serialized files now loaded: 0)
System memory in use before: 71.6 MB.
System memory in use after: 71.7 MB.

Unloading 4 unused Assets to reduce memory usage. Loaded Objects now: 1891.
Total: 1.391700 ms (FindLiveObjects: 0.136800 ms CreateObjectMapping: 0.043400 ms MarkObjects: 1.201200 ms  DeleteObjects: 0.009600 ms)

